#separator \x09
#set_separator	,
#empty_field	(empty)
#unset_field	-
#path	ocsp
#open	2025-07-29-22-57-11
#fields	ts	id	hashAlgorithm	issuerNameHash	issuerKeyHash	serialNumber	certStatus	revoketime	revokereason	thisUpdate	nextUpdate
#types	time	string	string	string	string	string	string	time	string	time	time
1737575100.935136	F17wrh1vhgZ4aEb4o9	sha1	B34FFCEAC1CA8DBE13FD8B8738B023F3D896F3AC	FE09714055051044D8A48175B89E1AE94A0688C8	33009AD27FC6BD401DB44383FA0000009AD27F	good	-	-	1737501189.000000	1738193589.000000
1737575122.795495	FRcRcw2Cu2BgLnGFm4	sha1	E4E395A229D3D4C1C31FF0980C0B4EC0098AABD8	B76BA2EAA8AA848C79EAB4DA0F98B2C59576B9F4	0390BD2F071D2AB629DA357E09E93198	good	-	-	1737474661.000000	1738075861.000000
1737575123.085846	FKCCCd10XxQrDAfWm1	sha1	B34FFCEAC1CA8DBE13FD8B8738B023F3D896F3AC	FE09714055051044D8A48175B89E1AE94A0688C8	330162102DABFD50F68667D8B200000162102D	good	-	-	1737501189.000000	1738193589.000000
1737575123.137662	Fh0Jtg1UnywwI5faEa	sha1	E4E395A229D3D4C1C31FF0980C0B4EC0098AABD8	B76BA2EAA8AA848C79EAB4DA0F98B2C59576B9F4	0390BD2F071D2AB629DA357E09E93198	good	-	-	1737474661.000000	1738075861.000000
1737575123.411363	F26d312Uy9u16QT7H1	sha1	E475019DC323E226741D6C40390795F90596462E	3B70D153E976259D60A8CA660FC69BAE6F54166A	3300502432632DDA01121C9952000000502432	good	-	-	1737241988.000000	1737934388.000000
1737575126.140605	FDPLxym9FkpggOH87	sha1	B34FFCEAC1CA8DBE13FD8B8738B023F3D896F3AC	FE09714055051044D8A48175B89E1AE94A0688C8	330162102DABFD50F68667D8B200000162102D	good	-	-	1737069188.000000	1737761588.000000
1737575126.249692	Fso3RP1ZQRY0bhAGVl	sha1	B34FFCEAC1CA8DBE13FD8B8738B023F3D896F3AC	FE09714055051044D8A48175B89E1AE94A0688C8	330162102DABFD50F68667D8B200000162102D	good	-	-	1737241988.000000	1737934388.000000
1737575126.379795	FOjuHW2lXOjv4zdg82	sha1	B34FFCEAC1CA8DBE13FD8B8738B023F3D896F3AC	FE09714055051044D8A48175B89E1AE94A0688C8	330162102DABFD50F68667D8B200000162102D	good	-	-	1737011588.000000	1737703988.000000
1737575159.859136	F21L3v2YyEijjJHJL8	sha1	5F1307B225ABB8FD86158BBFB5D0CB5B1B427AA9	66C0C7A39ACDFEF3EACE4B530B615EAF3305B3E1	0110BD8BBD328B678AA9CD86337768C5	good	-	-	1737586800.000000	1737630000.000000
1737575162.894257	FaQ0Zx4YyhgtelLcr	sha1	E475019DC323E226741D6C40390795F90596462E	3B70D153E976259D60A8CA660FC69BAE6F54166A	3300502432632DDA01121C9952000000502432	good	-	-	1737241988.000000	1737934388.000000
1737575163.394004	F4zRqw2DUGjBIBdRvh	sha1	105FA67A80089DB5279F35CE830B43889EA3C70D	0F80611C823161D52F28E78D4638B42CE1C6D9E2	030B0210D68541EEC2177743E1C14E26	good	-	-	1737125821.000000	1737727021.000000
1737575164.849811	Fg5fmy3ExfsHImYGT9	sha1	777A7BA877D6F10F1CE9202196FB6B1A6E37F5ED	9058FFB09C75A8515477B1EDF2A34316389E6CC5	031E61FF4F4D738EA1B9AA1609872105	good	-	-	1737471782.000000	1738072982.000000
1737575183.034690	FbB23Z1dk7c9sDhWf	sha1	B34FFCEAC1CA8DBE13FD8B8738B023F3D896F3AC	FE09714055051044D8A48175B89E1AE94A0688C8	330162102DABFD50F68667D8B200000162102D	good	-	-	1737241988.000000	1737934388.000000
1737575609.295219	FMFTprvL715QcIXJ1	sha1	B34FFCEAC1CA8DBE13FD8B8738B023F3D896F3AC	FE09714055051044D8A48175B89E1AE94A0688C8	33009AD27FC6BD401DB44383FA0000009AD27F	good	-	-	1737328388.000000	1738020788.000000
1737575703.188883	FYrAxg2Ci2UMsAf0f8	sha1	E4E395A229D3D4C1C31FF0980C0B4EC0098AABD8	B76BA2EAA8AA848C79EAB4DA0F98B2C59576B9F4	0390BD2F071D2AB629DA357E09E93198	good	-	-	1737561062.000000	1738162262.000000
1737575703.380170	FcWVCC4UW2FmFRdtWa	sha1	E4E395A229D3D4C1C31FF0980C0B4EC0098AABD8	B76BA2EAA8AA848C79EAB4DA0F98B2C59576B9F4	0390BD2F071D2AB629DA357E09E93198	good	-	-	1737561062.000000	1738162262.000000
1737575720.762559	Fq32wy3BYsgYyEZ7pe	sha1	B34FFCEAC1CA8DBE13FD8B8738B023F3D896F3AC	FE09714055051044D8A48175B89E1AE94A0688C8	33009AD27FC6BD401DB44383FA0000009AD27F	good	-	-	1737501189.000000	1738193589.000000
1737575721.082383	FGFSMF21aZWiiuql6j	sha1	B34FFCEAC1CA8DBE13FD8B8738B023F3D896F3AC	FE09714055051044D8A48175B89E1AE94A0688C8	33009AD27FC6BD401DB44383FA0000009AD27F	good	-	-	1737501189.000000	1738193589.000000
1737575721.088818	FqMYEI3buvFA7IzPYe	sha1	B34FFCEAC1CA8DBE13FD8B8738B023F3D896F3AC	FE09714055051044D8A48175B89E1AE94A0688C8	33009AD27FC6BD401DB44383FA0000009AD27F	good	-	-	1737501189.000000	1738193589.000000
1737575721.102629	FEFDATcyQ4g8lMD5l	sha1	B34FFCEAC1CA8DBE13FD8B8738B023F3D896F3AC	FE09714055051044D8A48175B89E1AE94A0688C8	33009AD27FC6BD401DB44383FA0000009AD27F	good	-	-	1737501189.000000	1738193589.000000
1737575721.102631	F38izN3DRyUwJOfNDe	sha1	B34FFCEAC1CA8DBE13FD8B8738B023F3D896F3AC	FE09714055051044D8A48175B89E1AE94A0688C8	33009AD27FC6BD401DB44383FA0000009AD27F	good	-	-	1737501189.000000	1738193589.000000
1737575721.102782	FIMrbRaJmEN6I7E9a	sha1	B34FFCEAC1CA8DBE13FD8B8738B023F3D896F3AC	FE09714055051044D8A48175B89E1AE94A0688C8	33009AD27FC6BD401DB44383FA0000009AD27F	good	-	-	1737501189.000000	1738193589.000000
1737575721.107345	Fnyv914bw7o5Rklm5	sha1	B34FFCEAC1CA8DBE13FD8B8738B023F3D896F3AC	FE09714055051044D8A48175B89E1AE94A0688C8	33009AD27FC6BD401DB44383FA0000009AD27F	good	-	-	1737501189.000000	1738193589.000000
1737575721.117410	FYhne8a11A7udwpd9	sha1	B34FFCEAC1CA8DBE13FD8B8738B023F3D896F3AC	FE09714055051044D8A48175B89E1AE94A0688C8	33009AD27FC6BD401DB44383FA0000009AD27F	good	-	-	1737501189.000000	1738193589.000000
1737575721.147540	FzyP6c4mCcAzt9y5eg	sha1	B34FFCEAC1CA8DBE13FD8B8738B023F3D896F3AC	FE09714055051044D8A48175B89E1AE94A0688C8	33009AD27FC6BD401DB44383FA0000009AD27F	good	-	-	1737501189.000000	1738193589.000000
1737575721.328423	FwjaHF19rmH9Ih1Lvb	sha1	B34FFCEAC1CA8DBE13FD8B8738B023F3D896F3AC	FE09714055051044D8A48175B89E1AE94A0688C8	33009AD27FC6BD401DB44383FA0000009AD27F	good	-	-	1737501189.000000	1738193589.000000
1737575721.387837	FbFv5p39EfOtvK9FF7	sha1	B34FFCEAC1CA8DBE13FD8B8738B023F3D896F3AC	FE09714055051044D8A48175B89E1AE94A0688C8	33009AD27FC6BD401DB44383FA0000009AD27F	good	-	-	1737501189.000000	1738193589.000000
1737575721.388000	FKy5cw36mKsPLxMnv8	sha1	B34FFCEAC1CA8DBE13FD8B8738B023F3D896F3AC	FE09714055051044D8A48175B89E1AE94A0688C8	33009AD27FC6BD401DB44383FA0000009AD27F	good	-	-	1737501189.000000	1738193589.000000
1737575721.388001	F5Bd1K3u5NmjStR3M3	sha1	B34FFCEAC1CA8DBE13FD8B8738B023F3D896F3AC	FE09714055051044D8A48175B89E1AE94A0688C8	33009AD27FC6BD401DB44383FA0000009AD27F	good	-	-	1737501189.000000	1738193589.000000
1737575721.427854	FrjncO1ntzUPh3FsD8	sha1	B34FFCEAC1CA8DBE13FD8B8738B023F3D896F3AC	FE09714055051044D8A48175B89E1AE94A0688C8	33009AD27FC6BD401DB44383FA0000009AD27F	good	-	-	1737501189.000000	1738193589.000000
1737575721.428316	FjYcOS2FOaC85wb2v7	sha1	B34FFCEAC1CA8DBE13FD8B8738B023F3D896F3AC	FE09714055051044D8A48175B89E1AE94A0688C8	33009AD27FC6BD401DB44383FA0000009AD27F	good	-	-	1737501189.000000	1738193589.000000
1737575721.433522	FM3Xp642Q2ffxuPCBf	sha1	B34FFCEAC1CA8DBE13FD8B8738B023F3D896F3AC	FE09714055051044D8A48175B89E1AE94A0688C8	33009AD27FC6BD401DB44383FA0000009AD27F	good	-	-	1737501189.000000	1738193589.000000
1737575721.447688	FoDdtoMo8SD4Bl52	sha1	B34FFCEAC1CA8DBE13FD8B8738B023F3D896F3AC	FE09714055051044D8A48175B89E1AE94A0688C8	33009AD27FC6BD401DB44383FA0000009AD27F	good	-	-	1737501189.000000	1738193589.000000
1737575721.952394	FVNaGGZCjbcr0EJBf	sha1	B34FFCEAC1CA8DBE13FD8B8738B023F3D896F3AC	FE09714055051044D8A48175B89E1AE94A0688C8	33009AD27FC6BD401DB44383FA0000009AD27F	good	-	-	1737501189.000000	1738193589.000000
1737575722.182524	FXERJr2SMTCftzvix1	sha1	B34FFCEAC1CA8DBE13FD8B8738B023F3D896F3AC	FE09714055051044D8A48175B89E1AE94A0688C8	33009AD27FC6BD401DB44383FA0000009AD27F	good	-	-	1737501189.000000	1738193589.000000
1737575722.412825	FpSpPx2l4qiCPU9F0h	sha1	B34FFCEAC1CA8DBE13FD8B8738B023F3D896F3AC	FE09714055051044D8A48175B89E1AE94A0688C8	33009AD27FC6BD401DB44383FA0000009AD27F	good	-	-	1737501189.000000	1738193589.000000
1737575722.647662	FVnmSj1Ilh0LFzj3yh	sha1	B34FFCEAC1CA8DBE13FD8B8738B023F3D896F3AC	FE09714055051044D8A48175B89E1AE94A0688C8	33009AD27FC6BD401DB44383FA0000009AD27F	good	-	-	1737501189.000000	1738193589.000000
1737575722.867620	FCF0wQzB1sIvqNJTh	sha1	B34FFCEAC1CA8DBE13FD8B8738B023F3D896F3AC	FE09714055051044D8A48175B89E1AE94A0688C8	33009AD27FC6BD401DB44383FA0000009AD27F	good	-	-	1737501189.000000	1738193589.000000
1737575723.193072	FnZ1Fv4SWL4gg2tER4	sha1	B34FFCEAC1CA8DBE13FD8B8738B023F3D896F3AC	FE09714055051044D8A48175B89E1AE94A0688C8	33009AD27FC6BD401DB44383FA0000009AD27F	good	-	-	1737501189.000000	1738193589.000000
1737575723.507494	FgZDy82jhwjdtfkk1	sha1	B34FFCEAC1CA8DBE13FD8B8738B023F3D896F3AC	FE09714055051044D8A48175B89E1AE94A0688C8	33009AD27FC6BD401DB44383FA0000009AD27F	good	-	-	1737501189.000000	1738193589.000000
1737575723.837951	FpKMWl1pmEiJemIGZ4	sha1	B34FFCEAC1CA8DBE13FD8B8738B023F3D896F3AC	FE09714055051044D8A48175B89E1AE94A0688C8	33009AD27FC6BD401DB44383FA0000009AD27F	good	-	-	1737501189.000000	1738193589.000000
1737575997.904881	FMJk4e3BqbeBK80yi4	sha1	B34FFCEAC1CA8DBE13FD8B8738B023F3D896F3AC	FE09714055051044D8A48175B89E1AE94A0688C8	330162102DABFD50F68667D8B200000162102D	good	-	-	1737241988.000000	1737934388.000000
1737575998.740696	F4QsIv3aIUTSKzcetk	sha1	B34FFCEAC1CA8DBE13FD8B8738B023F3D896F3AC	FE09714055051044D8A48175B89E1AE94A0688C8	330162102DABFD50F68667D8B200000162102D	good	-	-	1737501189.000000	1738193589.000000
1737576072.610595	FxLXxa3rj5K1QSIvi	sha1	105FA67A80089DB5279F35CE830B43889EA3C70D	0F80611C823161D52F28E78D4638B42CE1C6D9E2	086AB82E6A80440EDB7E258256DCF662	good	-	-	1737502381.000000	1738103581.000000
1737576263.842124	F9bDoY1OJXcV77InG	sha1	B34FFCEAC1CA8DBE13FD8B8738B023F3D896F3AC	FE09714055051044D8A48175B89E1AE94A0688C8	33009AD27FC6BD401DB44383FA0000009AD27F	good	-	-	1737328388.000000	1738020788.000000
1737576263.876806	FxdmOd2uOuNzmhybj8	sha1	B34FFCEAC1CA8DBE13FD8B8738B023F3D896F3AC	FE09714055051044D8A48175B89E1AE94A0688C8	3300A9424520DFB83E83F38795000000A94245	good	-	-	1737501189.000000	1738193589.000000
1737576264.239641	FHlCol2jEm5DHq45ej	sha1	B34FFCEAC1CA8DBE13FD8B8738B023F3D896F3AC	FE09714055051044D8A48175B89E1AE94A0688C8	33009AD27FC6BD401DB44383FA0000009AD27F	good	-	-	1737328388.000000	1738020788.000000
1737576839.896923	FGA0Sx1zUYDEbUdLx2	sha1	B34FFCEAC1CA8DBE13FD8B8738B023F3D896F3AC	FE09714055051044D8A48175B89E1AE94A0688C8	33009AD27FC6BD401DB44383FA0000009AD27F	good	-	-	1737414788.000000	1738107188.000000
1737577527.604483	FaR5CD2FyvCtNxHrze	sha1	B34FFCEAC1CA8DBE13FD8B8738B023F3D896F3AC	FE09714055051044D8A48175B89E1AE94A0688C8	330162102DABFD50F68667D8B200000162102D	good	-	-	1737241988.000000	1737934388.000000
1737577528.348645	FZWTDm3BMv3YSWGQf5	sha1	B34FFCEAC1CA8DBE13FD8B8738B023F3D896F3AC	FE09714055051044D8A48175B89E1AE94A0688C8	330162102DABFD50F68667D8B200000162102D	good	-	-	1737501189.000000	1738193589.000000
1737577690.176036	FVK2S6jLA0JEVRvC1	sha1	E475019DC323E226741D6C40390795F90596462E	3B70D153E976259D60A8CA660FC69BAE6F54166A	330033AA11477CE3B3656C5FB300000033AA11	good	-	-	1737241988.000000	1737934388.000000
1737577690.566624	F0X6Dv3NPWbNg1xHc4	sha1	7624DB6BD09C44BD8C92A5BC8159AA8199E6A50A	CE15163BEA02A3A66BDAD92BFDE58C52BE7A50A8	33003435152F23E2477DC0CD90000000343515	good	-	-	1737328388.000000	1738020788.000000
1737577691.743432	FjV3QM2HpT0icWy7H6	sha1	B34FFCEAC1CA8DBE13FD8B8738B023F3D896F3AC	FE09714055051044D8A48175B89E1AE94A0688C8	330162102DABFD50F68667D8B200000162102D	good	-	-	1737241988.000000	1737934388.000000
1737577692.516000	F1NJjy3oFAIPDAJDF3	sha1	B34FFCEAC1CA8DBE13FD8B8738B023F3D896F3AC	FE09714055051044D8A48175B89E1AE94A0688C8	330162102DABFD50F68667D8B200000162102D	good	-	-	1737069188.000000	1737761588.000000
1737577947.951555	F9Tik6IAyPspw4vWj	sha1	E475019DC323E226741D6C40390795F90596462E	3B70D153E976259D60A8CA660FC69BAE6F54166A	330033AA11477CE3B3656C5FB300000033AA11	good	-	-	1737241988.000000	1737934388.000000
1737577948.353551	FvbdYo2NCzC5GPnkgc	sha1	7624DB6BD09C44BD8C92A5BC8159AA8199E6A50A	CE15163BEA02A3A66BDAD92BFDE58C52BE7A50A8	33003435152F23E2477DC0CD90000000343515	good	-	-	1737328388.000000	1738020788.000000
1737577981.504531	FBAcxG4SbJ8L113n8j	sha1	B34FFCEAC1CA8DBE13FD8B8738B023F3D896F3AC	FE09714055051044D8A48175B89E1AE94A0688C8	33009AD27FC6BD401DB44383FA0000009AD27F	good	-	-	1737328388.000000	1738020788.000000
#close	2025-07-29-22-57-12
