[8235 - Suricata-Main] 2025-07-29 22:42:01 Notice: suricata: This is Suricata version 7.0.10 RELEASE running in USER mode
[8235 - Suricata-Main] 2025-07-29 22:42:01 Info: cpu: CPUs/cores online: 4
[8235 - Suricata-Main] 2025-07-29 22:42:01 Info: suricata: Setting engine mode to IDS mode by default
[8235 - Suricata-Main] 2025-07-29 22:42:01 Info: exception-policy: master exception-policy set to: auto
[8235 - Suricata-Main] 2025-07-29 22:42:01 Info: logopenfile: fast output device (regular) initialized: fast.log
[8235 - Suricata-Main] 2025-07-29 22:42:01 Info: logopenfile: eve-log output device (regular) initialized: eve.json
[8235 - Suricata-Main] 2025-07-29 22:42:01 Info: logopenfile: http-log output device (regular) initialized: http.log
[8235 - Suricata-Main] 2025-07-29 22:42:01 Info: logopenfile: stats output device (regular) initialized: stats.log
[8235 - Suricata-Main] 2025-07-29 22:42:01 Info: output-filestore: Filestore (v2) creating directory ./filestore
[8235 - Suricata-Main] 2025-07-29 22:42:01 Info: output-filestore: Filestore (v2) creating directory ./filestore/00
[8235 - Suricata-Main] 2025-07-29 22:42:01 Info: output-filestore: Filestore (v2) creating directory ./filestore/01
[8235 - Suricata-Main] 2025-07-29 22:42:01 Info: output-filestore: Filestore (v2) creating directory ./filestore/02
[8235 - Suricata-Main] 2025-07-29 22:42:01 Info: output-filestore: Filestore (v2) creating directory ./filestore/03
[8235 - Suricata-Main] 2025-07-29 22:42:01 Info: output-filestore: Filestore (v2) creating directory ./filestore/04
[8235 - Suricata-Main] 2025-07-29 22:42:01 Info: output-filestore: Filestore (v2) creating directory ./filestore/05
[8235 - Suricata-Main] 2025-07-29 22:42:01 Info: output-filestore: Filestore (v2) creating directory ./filestore/06
[8235 - Suricata-Main] 2025-07-29 22:42:01 Info: output-filestore: Filestore (v2) creating directory ./filestore/07
[8235 - Suricata-Main] 2025-07-29 22:42:01 Info: output-filestore: Filestore (v2) creating directory ./filestore/08
[8235 - Suricata-Main] 2025-07-29 22:42:01 Info: output-filestore: Filestore (v2) creating directory ./filestore/09
[8235 - Suricata-Main] 2025-07-29 22:42:01 Info: output-filestore: Filestore (v2) creating directory ./filestore/0a
[8235 - Suricata-Main] 2025-07-29 22:42:01 Info: output-filestore: Filestore (v2) creating directory ./filestore/0b
[8235 - Suricata-Main] 2025-07-29 22:42:01 Info: output-filestore: Filestore (v2) creating directory ./filestore/0c
[8235 - Suricata-Main] 2025-07-29 22:42:01 Info: output-filestore: Filestore (v2) creating directory ./filestore/0d
[8235 - Suricata-Main] 2025-07-29 22:42:01 Info: output-filestore: Filestore (v2) creating directory ./filestore/0e
[8235 - Suricata-Main] 2025-07-29 22:42:01 Info: output-filestore: Filestore (v2) creating directory ./filestore/0f
[8235 - Suricata-Main] 2025-07-29 22:42:01 Info: output-filestore: Filestore (v2) creating directory ./filestore/10
[8235 - Suricata-Main] 2025-07-29 22:42:01 Info: output-filestore: Filestore (v2) creating directory ./filestore/11
[8235 - Suricata-Main] 2025-07-29 22:42:01 Info: output-filestore: Filestore (v2) creating directory ./filestore/12
[8235 - Suricata-Main] 2025-07-29 22:42:01 Info: output-filestore: Filestore (v2) creating directory ./filestore/13
[8235 - Suricata-Main] 2025-07-29 22:42:01 Info: output-filestore: Filestore (v2) creating directory ./filestore/14
[8235 - Suricata-Main] 2025-07-29 22:42:01 Info: output-filestore: Filestore (v2) creating directory ./filestore/15
[8235 - Suricata-Main] 2025-07-29 22:42:01 Info: output-filestore: Filestore (v2) creating directory ./filestore/16
[8235 - Suricata-Main] 2025-07-29 22:42:01 Info: output-filestore: Filestore (v2) creating directory ./filestore/17
[8235 - Suricata-Main] 2025-07-29 22:42:01 Info: output-filestore: Filestore (v2) creating directory ./filestore/18
[8235 - Suricata-Main] 2025-07-29 22:42:01 Info: output-filestore: Filestore (v2) creating directory ./filestore/19
[8235 - Suricata-Main] 2025-07-29 22:42:01 Info: output-filestore: Filestore (v2) creating directory ./filestore/1a
[8235 - Suricata-Main] 2025-07-29 22:42:01 Info: output-filestore: Filestore (v2) creating directory ./filestore/1b
[8235 - Suricata-Main] 2025-07-29 22:42:01 Info: output-filestore: Filestore (v2) creating directory ./filestore/1c
[8235 - Suricata-Main] 2025-07-29 22:42:01 Info: output-filestore: Filestore (v2) creating directory ./filestore/1d
[8235 - Suricata-Main] 2025-07-29 22:42:01 Info: output-filestore: Filestore (v2) creating directory ./filestore/1e
[8235 - Suricata-Main] 2025-07-29 22:42:01 Info: output-filestore: Filestore (v2) creating directory ./filestore/1f
[8235 - Suricata-Main] 2025-07-29 22:42:01 Info: output-filestore: Filestore (v2) creating directory ./filestore/20
[8235 - Suricata-Main] 2025-07-29 22:42:01 Info: output-filestore: Filestore (v2) creating directory ./filestore/21
[8235 - Suricata-Main] 2025-07-29 22:42:01 Info: output-filestore: Filestore (v2) creating directory ./filestore/22
[8235 - Suricata-Main] 2025-07-29 22:42:01 Info: output-filestore: Filestore (v2) creating directory ./filestore/23
[8235 - Suricata-Main] 2025-07-29 22:42:01 Info: output-filestore: Filestore (v2) creating directory ./filestore/24
[8235 - Suricata-Main] 2025-07-29 22:42:01 Info: output-filestore: Filestore (v2) creating directory ./filestore/25
[8235 - Suricata-Main] 2025-07-29 22:42:01 Info: output-filestore: Filestore (v2) creating directory ./filestore/26
[8235 - Suricata-Main] 2025-07-29 22:42:01 Info: output-filestore: Filestore (v2) creating directory ./filestore/27
[8235 - Suricata-Main] 2025-07-29 22:42:01 Info: output-filestore: Filestore (v2) creating directory ./filestore/28
[8235 - Suricata-Main] 2025-07-29 22:42:01 Info: output-filestore: Filestore (v2) creating directory ./filestore/29
[8235 - Suricata-Main] 2025-07-29 22:42:01 Info: output-filestore: Filestore (v2) creating directory ./filestore/2a
[8235 - Suricata-Main] 2025-07-29 22:42:01 Info: output-filestore: Filestore (v2) creating directory ./filestore/2b
[8235 - Suricata-Main] 2025-07-29 22:42:01 Info: output-filestore: Filestore (v2) creating directory ./filestore/2c
[8235 - Suricata-Main] 2025-07-29 22:42:01 Info: output-filestore: Filestore (v2) creating directory ./filestore/2d
[8235 - Suricata-Main] 2025-07-29 22:42:01 Info: output-filestore: Filestore (v2) creating directory ./filestore/2e
[8235 - Suricata-Main] 2025-07-29 22:42:01 Info: output-filestore: Filestore (v2) creating directory ./filestore/2f
[8235 - Suricata-Main] 2025-07-29 22:42:01 Info: output-filestore: Filestore (v2) creating directory ./filestore/30
[8235 - Suricata-Main] 2025-07-29 22:42:01 Info: output-filestore: Filestore (v2) creating directory ./filestore/31
[8235 - Suricata-Main] 2025-07-29 22:42:01 Info: output-filestore: Filestore (v2) creating directory ./filestore/32
[8235 - Suricata-Main] 2025-07-29 22:42:01 Info: output-filestore: Filestore (v2) creating directory ./filestore/33
[8235 - Suricata-Main] 2025-07-29 22:42:01 Info: output-filestore: Filestore (v2) creating directory ./filestore/34
[8235 - Suricata-Main] 2025-07-29 22:42:01 Info: output-filestore: Filestore (v2) creating directory ./filestore/35
[8235 - Suricata-Main] 2025-07-29 22:42:01 Info: output-filestore: Filestore (v2) creating directory ./filestore/36
[8235 - Suricata-Main] 2025-07-29 22:42:01 Info: output-filestore: Filestore (v2) creating directory ./filestore/37
[8235 - Suricata-Main] 2025-07-29 22:42:01 Info: output-filestore: Filestore (v2) creating directory ./filestore/38
[8235 - Suricata-Main] 2025-07-29 22:42:01 Info: output-filestore: Filestore (v2) creating directory ./filestore/39
[8235 - Suricata-Main] 2025-07-29 22:42:01 Info: output-filestore: Filestore (v2) creating directory ./filestore/3a
[8235 - Suricata-Main] 2025-07-29 22:42:01 Info: output-filestore: Filestore (v2) creating directory ./filestore/3b
[8235 - Suricata-Main] 2025-07-29 22:42:01 Info: output-filestore: Filestore (v2) creating directory ./filestore/3c
[8235 - Suricata-Main] 2025-07-29 22:42:01 Info: output-filestore: Filestore (v2) creating directory ./filestore/3d
[8235 - Suricata-Main] 2025-07-29 22:42:01 Info: output-filestore: Filestore (v2) creating directory ./filestore/3e
[8235 - Suricata-Main] 2025-07-29 22:42:01 Info: output-filestore: Filestore (v2) creating directory ./filestore/3f
[8235 - Suricata-Main] 2025-07-29 22:42:01 Info: output-filestore: Filestore (v2) creating directory ./filestore/40
[8235 - Suricata-Main] 2025-07-29 22:42:01 Info: output-filestore: Filestore (v2) creating directory ./filestore/41
[8235 - Suricata-Main] 2025-07-29 22:42:01 Info: output-filestore: Filestore (v2) creating directory ./filestore/42
[8235 - Suricata-Main] 2025-07-29 22:42:01 Info: output-filestore: Filestore (v2) creating directory ./filestore/43
[8235 - Suricata-Main] 2025-07-29 22:42:01 Info: output-filestore: Filestore (v2) creating directory ./filestore/44
[8235 - Suricata-Main] 2025-07-29 22:42:01 Info: output-filestore: Filestore (v2) creating directory ./filestore/45
[8235 - Suricata-Main] 2025-07-29 22:42:01 Info: output-filestore: Filestore (v2) creating directory ./filestore/46
[8235 - Suricata-Main] 2025-07-29 22:42:01 Info: output-filestore: Filestore (v2) creating directory ./filestore/47
[8235 - Suricata-Main] 2025-07-29 22:42:01 Info: output-filestore: Filestore (v2) creating directory ./filestore/48
[8235 - Suricata-Main] 2025-07-29 22:42:01 Info: output-filestore: Filestore (v2) creating directory ./filestore/49
[8235 - Suricata-Main] 2025-07-29 22:42:01 Info: output-filestore: Filestore (v2) creating directory ./filestore/4a
[8235 - Suricata-Main] 2025-07-29 22:42:01 Info: output-filestore: Filestore (v2) creating directory ./filestore/4b
[8235 - Suricata-Main] 2025-07-29 22:42:01 Info: output-filestore: Filestore (v2) creating directory ./filestore/4c
[8235 - Suricata-Main] 2025-07-29 22:42:01 Info: output-filestore: Filestore (v2) creating directory ./filestore/4d
[8235 - Suricata-Main] 2025-07-29 22:42:01 Info: output-filestore: Filestore (v2) creating directory ./filestore/4e
[8235 - Suricata-Main] 2025-07-29 22:42:01 Info: output-filestore: Filestore (v2) creating directory ./filestore/4f
[8235 - Suricata-Main] 2025-07-29 22:42:01 Info: output-filestore: Filestore (v2) creating directory ./filestore/50
[8235 - Suricata-Main] 2025-07-29 22:42:01 Info: output-filestore: Filestore (v2) creating directory ./filestore/51
[8235 - Suricata-Main] 2025-07-29 22:42:01 Info: output-filestore: Filestore (v2) creating directory ./filestore/52
[8235 - Suricata-Main] 2025-07-29 22:42:01 Info: output-filestore: Filestore (v2) creating directory ./filestore/53
[8235 - Suricata-Main] 2025-07-29 22:42:01 Info: output-filestore: Filestore (v2) creating directory ./filestore/54
[8235 - Suricata-Main] 2025-07-29 22:42:01 Info: output-filestore: Filestore (v2) creating directory ./filestore/55
[8235 - Suricata-Main] 2025-07-29 22:42:01 Info: output-filestore: Filestore (v2) creating directory ./filestore/56
[8235 - Suricata-Main] 2025-07-29 22:42:01 Info: output-filestore: Filestore (v2) creating directory ./filestore/57
[8235 - Suricata-Main] 2025-07-29 22:42:01 Info: output-filestore: Filestore (v2) creating directory ./filestore/58
[8235 - Suricata-Main] 2025-07-29 22:42:01 Info: output-filestore: Filestore (v2) creating directory ./filestore/59
[8235 - Suricata-Main] 2025-07-29 22:42:01 Info: output-filestore: Filestore (v2) creating directory ./filestore/5a
[8235 - Suricata-Main] 2025-07-29 22:42:01 Info: output-filestore: Filestore (v2) creating directory ./filestore/5b
[8235 - Suricata-Main] 2025-07-29 22:42:01 Info: output-filestore: Filestore (v2) creating directory ./filestore/5c
[8235 - Suricata-Main] 2025-07-29 22:42:01 Info: output-filestore: Filestore (v2) creating directory ./filestore/5d
[8235 - Suricata-Main] 2025-07-29 22:42:01 Info: output-filestore: Filestore (v2) creating directory ./filestore/5e
[8235 - Suricata-Main] 2025-07-29 22:42:01 Info: output-filestore: Filestore (v2) creating directory ./filestore/5f
[8235 - Suricata-Main] 2025-07-29 22:42:01 Info: output-filestore: Filestore (v2) creating directory ./filestore/60
[8235 - Suricata-Main] 2025-07-29 22:42:01 Info: output-filestore: Filestore (v2) creating directory ./filestore/61
[8235 - Suricata-Main] 2025-07-29 22:42:01 Info: output-filestore: Filestore (v2) creating directory ./filestore/62
[8235 - Suricata-Main] 2025-07-29 22:42:01 Info: output-filestore: Filestore (v2) creating directory ./filestore/63
[8235 - Suricata-Main] 2025-07-29 22:42:01 Info: output-filestore: Filestore (v2) creating directory ./filestore/64
[8235 - Suricata-Main] 2025-07-29 22:42:01 Info: output-filestore: Filestore (v2) creating directory ./filestore/65
[8235 - Suricata-Main] 2025-07-29 22:42:01 Info: output-filestore: Filestore (v2) creating directory ./filestore/66
[8235 - Suricata-Main] 2025-07-29 22:42:01 Info: output-filestore: Filestore (v2) creating directory ./filestore/67
[8235 - Suricata-Main] 2025-07-29 22:42:01 Info: output-filestore: Filestore (v2) creating directory ./filestore/68
[8235 - Suricata-Main] 2025-07-29 22:42:01 Info: output-filestore: Filestore (v2) creating directory ./filestore/69
[8235 - Suricata-Main] 2025-07-29 22:42:01 Info: output-filestore: Filestore (v2) creating directory ./filestore/6a
[8235 - Suricata-Main] 2025-07-29 22:42:01 Info: output-filestore: Filestore (v2) creating directory ./filestore/6b
[8235 - Suricata-Main] 2025-07-29 22:42:01 Info: output-filestore: Filestore (v2) creating directory ./filestore/6c
[8235 - Suricata-Main] 2025-07-29 22:42:01 Info: output-filestore: Filestore (v2) creating directory ./filestore/6d
[8235 - Suricata-Main] 2025-07-29 22:42:01 Info: output-filestore: Filestore (v2) creating directory ./filestore/6e
[8235 - Suricata-Main] 2025-07-29 22:42:01 Info: output-filestore: Filestore (v2) creating directory ./filestore/6f
[8235 - Suricata-Main] 2025-07-29 22:42:01 Info: output-filestore: Filestore (v2) creating directory ./filestore/70
[8235 - Suricata-Main] 2025-07-29 22:42:01 Info: output-filestore: Filestore (v2) creating directory ./filestore/71
[8235 - Suricata-Main] 2025-07-29 22:42:01 Info: output-filestore: Filestore (v2) creating directory ./filestore/72
[8235 - Suricata-Main] 2025-07-29 22:42:01 Info: output-filestore: Filestore (v2) creating directory ./filestore/73
[8235 - Suricata-Main] 2025-07-29 22:42:01 Info: output-filestore: Filestore (v2) creating directory ./filestore/74
[8235 - Suricata-Main] 2025-07-29 22:42:01 Info: output-filestore: Filestore (v2) creating directory ./filestore/75
[8235 - Suricata-Main] 2025-07-29 22:42:01 Info: output-filestore: Filestore (v2) creating directory ./filestore/76
[8235 - Suricata-Main] 2025-07-29 22:42:01 Info: output-filestore: Filestore (v2) creating directory ./filestore/77
[8235 - Suricata-Main] 2025-07-29 22:42:01 Info: output-filestore: Filestore (v2) creating directory ./filestore/78
[8235 - Suricata-Main] 2025-07-29 22:42:01 Info: output-filestore: Filestore (v2) creating directory ./filestore/79
[8235 - Suricata-Main] 2025-07-29 22:42:01 Info: output-filestore: Filestore (v2) creating directory ./filestore/7a
[8235 - Suricata-Main] 2025-07-29 22:42:01 Info: output-filestore: Filestore (v2) creating directory ./filestore/7b
[8235 - Suricata-Main] 2025-07-29 22:42:01 Info: output-filestore: Filestore (v2) creating directory ./filestore/7c
[8235 - Suricata-Main] 2025-07-29 22:42:01 Info: output-filestore: Filestore (v2) creating directory ./filestore/7d
[8235 - Suricata-Main] 2025-07-29 22:42:01 Info: output-filestore: Filestore (v2) creating directory ./filestore/7e
[8235 - Suricata-Main] 2025-07-29 22:42:01 Info: output-filestore: Filestore (v2) creating directory ./filestore/7f
[8235 - Suricata-Main] 2025-07-29 22:42:01 Info: output-filestore: Filestore (v2) creating directory ./filestore/80
[8235 - Suricata-Main] 2025-07-29 22:42:01 Info: output-filestore: Filestore (v2) creating directory ./filestore/81
[8235 - Suricata-Main] 2025-07-29 22:42:01 Info: output-filestore: Filestore (v2) creating directory ./filestore/82
[8235 - Suricata-Main] 2025-07-29 22:42:01 Info: output-filestore: Filestore (v2) creating directory ./filestore/83
[8235 - Suricata-Main] 2025-07-29 22:42:01 Info: output-filestore: Filestore (v2) creating directory ./filestore/84
[8235 - Suricata-Main] 2025-07-29 22:42:01 Info: output-filestore: Filestore (v2) creating directory ./filestore/85
[8235 - Suricata-Main] 2025-07-29 22:42:01 Info: output-filestore: Filestore (v2) creating directory ./filestore/86
[8235 - Suricata-Main] 2025-07-29 22:42:01 Info: output-filestore: Filestore (v2) creating directory ./filestore/87
[8235 - Suricata-Main] 2025-07-29 22:42:01 Info: output-filestore: Filestore (v2) creating directory ./filestore/88
[8235 - Suricata-Main] 2025-07-29 22:42:01 Info: output-filestore: Filestore (v2) creating directory ./filestore/89
[8235 - Suricata-Main] 2025-07-29 22:42:01 Info: output-filestore: Filestore (v2) creating directory ./filestore/8a
[8235 - Suricata-Main] 2025-07-29 22:42:01 Info: output-filestore: Filestore (v2) creating directory ./filestore/8b
[8235 - Suricata-Main] 2025-07-29 22:42:01 Info: output-filestore: Filestore (v2) creating directory ./filestore/8c
[8235 - Suricata-Main] 2025-07-29 22:42:01 Info: output-filestore: Filestore (v2) creating directory ./filestore/8d
[8235 - Suricata-Main] 2025-07-29 22:42:01 Info: output-filestore: Filestore (v2) creating directory ./filestore/8e
[8235 - Suricata-Main] 2025-07-29 22:42:01 Info: output-filestore: Filestore (v2) creating directory ./filestore/8f
[8235 - Suricata-Main] 2025-07-29 22:42:01 Info: output-filestore: Filestore (v2) creating directory ./filestore/90
[8235 - Suricata-Main] 2025-07-29 22:42:01 Info: output-filestore: Filestore (v2) creating directory ./filestore/91
[8235 - Suricata-Main] 2025-07-29 22:42:01 Info: output-filestore: Filestore (v2) creating directory ./filestore/92
[8235 - Suricata-Main] 2025-07-29 22:42:01 Info: output-filestore: Filestore (v2) creating directory ./filestore/93
[8235 - Suricata-Main] 2025-07-29 22:42:01 Info: output-filestore: Filestore (v2) creating directory ./filestore/94
[8235 - Suricata-Main] 2025-07-29 22:42:01 Info: output-filestore: Filestore (v2) creating directory ./filestore/95
[8235 - Suricata-Main] 2025-07-29 22:42:01 Info: output-filestore: Filestore (v2) creating directory ./filestore/96
[8235 - Suricata-Main] 2025-07-29 22:42:01 Info: output-filestore: Filestore (v2) creating directory ./filestore/97
[8235 - Suricata-Main] 2025-07-29 22:42:01 Info: output-filestore: Filestore (v2) creating directory ./filestore/98
[8235 - Suricata-Main] 2025-07-29 22:42:01 Info: output-filestore: Filestore (v2) creating directory ./filestore/99
[8235 - Suricata-Main] 2025-07-29 22:42:01 Info: output-filestore: Filestore (v2) creating directory ./filestore/9a
[8235 - Suricata-Main] 2025-07-29 22:42:01 Info: output-filestore: Filestore (v2) creating directory ./filestore/9b
[8235 - Suricata-Main] 2025-07-29 22:42:01 Info: output-filestore: Filestore (v2) creating directory ./filestore/9c
[8235 - Suricata-Main] 2025-07-29 22:42:01 Info: output-filestore: Filestore (v2) creating directory ./filestore/9d
[8235 - Suricata-Main] 2025-07-29 22:42:01 Info: output-filestore: Filestore (v2) creating directory ./filestore/9e
[8235 - Suricata-Main] 2025-07-29 22:42:01 Info: output-filestore: Filestore (v2) creating directory ./filestore/9f
[8235 - Suricata-Main] 2025-07-29 22:42:01 Info: output-filestore: Filestore (v2) creating directory ./filestore/a0
[8235 - Suricata-Main] 2025-07-29 22:42:01 Info: output-filestore: Filestore (v2) creating directory ./filestore/a1
[8235 - Suricata-Main] 2025-07-29 22:42:01 Info: output-filestore: Filestore (v2) creating directory ./filestore/a2
[8235 - Suricata-Main] 2025-07-29 22:42:01 Info: output-filestore: Filestore (v2) creating directory ./filestore/a3
[8235 - Suricata-Main] 2025-07-29 22:42:01 Info: output-filestore: Filestore (v2) creating directory ./filestore/a4
[8235 - Suricata-Main] 2025-07-29 22:42:01 Info: output-filestore: Filestore (v2) creating directory ./filestore/a5
[8235 - Suricata-Main] 2025-07-29 22:42:01 Info: output-filestore: Filestore (v2) creating directory ./filestore/a6
[8235 - Suricata-Main] 2025-07-29 22:42:01 Info: output-filestore: Filestore (v2) creating directory ./filestore/a7
[8235 - Suricata-Main] 2025-07-29 22:42:01 Info: output-filestore: Filestore (v2) creating directory ./filestore/a8
[8235 - Suricata-Main] 2025-07-29 22:42:01 Info: output-filestore: Filestore (v2) creating directory ./filestore/a9
[8235 - Suricata-Main] 2025-07-29 22:42:01 Info: output-filestore: Filestore (v2) creating directory ./filestore/aa
[8235 - Suricata-Main] 2025-07-29 22:42:01 Info: output-filestore: Filestore (v2) creating directory ./filestore/ab
[8235 - Suricata-Main] 2025-07-29 22:42:01 Info: output-filestore: Filestore (v2) creating directory ./filestore/ac
[8235 - Suricata-Main] 2025-07-29 22:42:01 Info: output-filestore: Filestore (v2) creating directory ./filestore/ad
[8235 - Suricata-Main] 2025-07-29 22:42:01 Info: output-filestore: Filestore (v2) creating directory ./filestore/ae
[8235 - Suricata-Main] 2025-07-29 22:42:01 Info: output-filestore: Filestore (v2) creating directory ./filestore/af
[8235 - Suricata-Main] 2025-07-29 22:42:01 Info: output-filestore: Filestore (v2) creating directory ./filestore/b0
[8235 - Suricata-Main] 2025-07-29 22:42:01 Info: output-filestore: Filestore (v2) creating directory ./filestore/b1
[8235 - Suricata-Main] 2025-07-29 22:42:01 Info: output-filestore: Filestore (v2) creating directory ./filestore/b2
[8235 - Suricata-Main] 2025-07-29 22:42:01 Info: output-filestore: Filestore (v2) creating directory ./filestore/b3
[8235 - Suricata-Main] 2025-07-29 22:42:01 Info: output-filestore: Filestore (v2) creating directory ./filestore/b4
[8235 - Suricata-Main] 2025-07-29 22:42:01 Info: output-filestore: Filestore (v2) creating directory ./filestore/b5
[8235 - Suricata-Main] 2025-07-29 22:42:01 Info: output-filestore: Filestore (v2) creating directory ./filestore/b6
[8235 - Suricata-Main] 2025-07-29 22:42:01 Info: output-filestore: Filestore (v2) creating directory ./filestore/b7
[8235 - Suricata-Main] 2025-07-29 22:42:01 Info: output-filestore: Filestore (v2) creating directory ./filestore/b8
[8235 - Suricata-Main] 2025-07-29 22:42:01 Info: output-filestore: Filestore (v2) creating directory ./filestore/b9
[8235 - Suricata-Main] 2025-07-29 22:42:01 Info: output-filestore: Filestore (v2) creating directory ./filestore/ba
[8235 - Suricata-Main] 2025-07-29 22:42:01 Info: output-filestore: Filestore (v2) creating directory ./filestore/bb
[8235 - Suricata-Main] 2025-07-29 22:42:01 Info: output-filestore: Filestore (v2) creating directory ./filestore/bc
[8235 - Suricata-Main] 2025-07-29 22:42:01 Info: output-filestore: Filestore (v2) creating directory ./filestore/bd
[8235 - Suricata-Main] 2025-07-29 22:42:01 Info: output-filestore: Filestore (v2) creating directory ./filestore/be
[8235 - Suricata-Main] 2025-07-29 22:42:01 Info: output-filestore: Filestore (v2) creating directory ./filestore/bf
[8235 - Suricata-Main] 2025-07-29 22:42:01 Info: output-filestore: Filestore (v2) creating directory ./filestore/c0
[8235 - Suricata-Main] 2025-07-29 22:42:01 Info: output-filestore: Filestore (v2) creating directory ./filestore/c1
[8235 - Suricata-Main] 2025-07-29 22:42:01 Info: output-filestore: Filestore (v2) creating directory ./filestore/c2
[8235 - Suricata-Main] 2025-07-29 22:42:01 Info: output-filestore: Filestore (v2) creating directory ./filestore/c3
[8235 - Suricata-Main] 2025-07-29 22:42:01 Info: output-filestore: Filestore (v2) creating directory ./filestore/c4
[8235 - Suricata-Main] 2025-07-29 22:42:01 Info: output-filestore: Filestore (v2) creating directory ./filestore/c5
[8235 - Suricata-Main] 2025-07-29 22:42:01 Info: output-filestore: Filestore (v2) creating directory ./filestore/c6
[8235 - Suricata-Main] 2025-07-29 22:42:01 Info: output-filestore: Filestore (v2) creating directory ./filestore/c7
[8235 - Suricata-Main] 2025-07-29 22:42:01 Info: output-filestore: Filestore (v2) creating directory ./filestore/c8
[8235 - Suricata-Main] 2025-07-29 22:42:01 Info: output-filestore: Filestore (v2) creating directory ./filestore/c9
[8235 - Suricata-Main] 2025-07-29 22:42:01 Info: output-filestore: Filestore (v2) creating directory ./filestore/ca
[8235 - Suricata-Main] 2025-07-29 22:42:01 Info: output-filestore: Filestore (v2) creating directory ./filestore/cb
[8235 - Suricata-Main] 2025-07-29 22:42:01 Info: output-filestore: Filestore (v2) creating directory ./filestore/cc
[8235 - Suricata-Main] 2025-07-29 22:42:01 Info: output-filestore: Filestore (v2) creating directory ./filestore/cd
[8235 - Suricata-Main] 2025-07-29 22:42:01 Info: output-filestore: Filestore (v2) creating directory ./filestore/ce
[8235 - Suricata-Main] 2025-07-29 22:42:01 Info: output-filestore: Filestore (v2) creating directory ./filestore/cf
[8235 - Suricata-Main] 2025-07-29 22:42:01 Info: output-filestore: Filestore (v2) creating directory ./filestore/d0
[8235 - Suricata-Main] 2025-07-29 22:42:01 Info: output-filestore: Filestore (v2) creating directory ./filestore/d1
[8235 - Suricata-Main] 2025-07-29 22:42:01 Info: output-filestore: Filestore (v2) creating directory ./filestore/d2
[8235 - Suricata-Main] 2025-07-29 22:42:01 Info: output-filestore: Filestore (v2) creating directory ./filestore/d3
[8235 - Suricata-Main] 2025-07-29 22:42:01 Info: output-filestore: Filestore (v2) creating directory ./filestore/d4
[8235 - Suricata-Main] 2025-07-29 22:42:01 Info: output-filestore: Filestore (v2) creating directory ./filestore/d5
[8235 - Suricata-Main] 2025-07-29 22:42:01 Info: output-filestore: Filestore (v2) creating directory ./filestore/d6
[8235 - Suricata-Main] 2025-07-29 22:42:01 Info: output-filestore: Filestore (v2) creating directory ./filestore/d7
[8235 - Suricata-Main] 2025-07-29 22:42:01 Info: output-filestore: Filestore (v2) creating directory ./filestore/d8
[8235 - Suricata-Main] 2025-07-29 22:42:01 Info: output-filestore: Filestore (v2) creating directory ./filestore/d9
[8235 - Suricata-Main] 2025-07-29 22:42:01 Info: output-filestore: Filestore (v2) creating directory ./filestore/da
[8235 - Suricata-Main] 2025-07-29 22:42:01 Info: output-filestore: Filestore (v2) creating directory ./filestore/db
[8235 - Suricata-Main] 2025-07-29 22:42:01 Info: output-filestore: Filestore (v2) creating directory ./filestore/dc
[8235 - Suricata-Main] 2025-07-29 22:42:01 Info: output-filestore: Filestore (v2) creating directory ./filestore/dd
[8235 - Suricata-Main] 2025-07-29 22:42:01 Info: output-filestore: Filestore (v2) creating directory ./filestore/de
[8235 - Suricata-Main] 2025-07-29 22:42:01 Info: output-filestore: Filestore (v2) creating directory ./filestore/df
[8235 - Suricata-Main] 2025-07-29 22:42:01 Info: output-filestore: Filestore (v2) creating directory ./filestore/e0
[8235 - Suricata-Main] 2025-07-29 22:42:01 Info: output-filestore: Filestore (v2) creating directory ./filestore/e1
[8235 - Suricata-Main] 2025-07-29 22:42:01 Info: output-filestore: Filestore (v2) creating directory ./filestore/e2
[8235 - Suricata-Main] 2025-07-29 22:42:01 Info: output-filestore: Filestore (v2) creating directory ./filestore/e3
[8235 - Suricata-Main] 2025-07-29 22:42:01 Info: output-filestore: Filestore (v2) creating directory ./filestore/e4
[8235 - Suricata-Main] 2025-07-29 22:42:01 Info: output-filestore: Filestore (v2) creating directory ./filestore/e5
[8235 - Suricata-Main] 2025-07-29 22:42:01 Info: output-filestore: Filestore (v2) creating directory ./filestore/e6
[8235 - Suricata-Main] 2025-07-29 22:42:01 Info: output-filestore: Filestore (v2) creating directory ./filestore/e7
[8235 - Suricata-Main] 2025-07-29 22:42:01 Info: output-filestore: Filestore (v2) creating directory ./filestore/e8
[8235 - Suricata-Main] 2025-07-29 22:42:01 Info: output-filestore: Filestore (v2) creating directory ./filestore/e9
[8235 - Suricata-Main] 2025-07-29 22:42:01 Info: output-filestore: Filestore (v2) creating directory ./filestore/ea
[8235 - Suricata-Main] 2025-07-29 22:42:01 Info: output-filestore: Filestore (v2) creating directory ./filestore/eb
[8235 - Suricata-Main] 2025-07-29 22:42:01 Info: output-filestore: Filestore (v2) creating directory ./filestore/ec
[8235 - Suricata-Main] 2025-07-29 22:42:01 Info: output-filestore: Filestore (v2) creating directory ./filestore/ed
[8235 - Suricata-Main] 2025-07-29 22:42:01 Info: output-filestore: Filestore (v2) creating directory ./filestore/ee
[8235 - Suricata-Main] 2025-07-29 22:42:01 Info: output-filestore: Filestore (v2) creating directory ./filestore/ef
[8235 - Suricata-Main] 2025-07-29 22:42:01 Info: output-filestore: Filestore (v2) creating directory ./filestore/f0
[8235 - Suricata-Main] 2025-07-29 22:42:01 Info: output-filestore: Filestore (v2) creating directory ./filestore/f1
[8235 - Suricata-Main] 2025-07-29 22:42:01 Info: output-filestore: Filestore (v2) creating directory ./filestore/f2
[8235 - Suricata-Main] 2025-07-29 22:42:01 Info: output-filestore: Filestore (v2) creating directory ./filestore/f3
[8235 - Suricata-Main] 2025-07-29 22:42:01 Info: output-filestore: Filestore (v2) creating directory ./filestore/f4
[8235 - Suricata-Main] 2025-07-29 22:42:01 Info: output-filestore: Filestore (v2) creating directory ./filestore/f5
[8235 - Suricata-Main] 2025-07-29 22:42:01 Info: output-filestore: Filestore (v2) creating directory ./filestore/f6
[8235 - Suricata-Main] 2025-07-29 22:42:01 Info: output-filestore: Filestore (v2) creating directory ./filestore/f7
[8235 - Suricata-Main] 2025-07-29 22:42:01 Info: output-filestore: Filestore (v2) creating directory ./filestore/f8
[8235 - Suricata-Main] 2025-07-29 22:42:01 Info: output-filestore: Filestore (v2) creating directory ./filestore/f9
[8235 - Suricata-Main] 2025-07-29 22:42:01 Info: output-filestore: Filestore (v2) creating directory ./filestore/fa
[8235 - Suricata-Main] 2025-07-29 22:42:01 Info: output-filestore: Filestore (v2) creating directory ./filestore/fb
[8235 - Suricata-Main] 2025-07-29 22:42:01 Info: output-filestore: Filestore (v2) creating directory ./filestore/fc
[8235 - Suricata-Main] 2025-07-29 22:42:01 Info: output-filestore: Filestore (v2) creating directory ./filestore/fd
[8235 - Suricata-Main] 2025-07-29 22:42:01 Info: output-filestore: Filestore (v2) creating directory ./filestore/fe
[8235 - Suricata-Main] 2025-07-29 22:42:01 Info: output-filestore: Filestore (v2) creating directory ./filestore/ff
[8235 - Suricata-Main] 2025-07-29 22:42:01 Info: output-filestore: Filestore (v2) creating directory ./filestore/tmp
[8235 - Suricata-Main] 2025-07-29 22:42:08 Info: detect: 1 rule files processed. 44609 rules successfully loaded, 0 rules failed, 0
[8235 - Suricata-Main] 2025-07-29 22:42:08 Info: threshold-config: Threshold config parsed: 0 rule(s) found
[8235 - Suricata-Main] 2025-07-29 22:42:08 Info: detect: 44612 signatures processed. 950 are IP-only rules, 4378 are inspecting packet payload, 39062 inspect application layer, 109 are decoder event only
[8235 - Suricata-Main] 2025-07-29 22:42:19 Info: unix-manager: unix socket '/var/run/suricata-command.socket'
[8380 - RX#01] 2025-07-29 22:42:19 Info: pcap: Starting file run for 2025-01-22-traffic-analysis-exercise.pcap
[8380 - RX#01] 2025-07-29 22:42:19 Info: checksum: No packets with invalid checksum, assuming checksum offloading is NOT used
[8235 - Suricata-Main] 2025-07-29 22:42:19 Notice: threads: Threads created -> RX: 1 W: 4 FM: 1 FR: 1   Engine started.
[8380 - RX#01] 2025-07-29 22:42:19 Info: pcap: pcap file 2025-01-22-traffic-analysis-exercise.pcap end of file reached (pcap err code 0)
[8235 - Suricata-Main] 2025-07-29 22:42:19 Notice: suricata: Signal Received.  Stopping engine.
[8235 - Suricata-Main] 2025-07-29 22:42:19 Info: suricata: time elapsed 0.169s
[8380 - RX#01] 2025-07-29 22:42:19 Notice: pcap: read 1 file, 39427 packets, 26128819 bytes
[8235 - Suricata-Main] 2025-07-29 22:42:19 Info: counters: Alerts: 19
