#separator \x09
#set_separator	,
#empty_field	(empty)
#unset_field	-
#path	ocsp
#open	2025-07-31-14-41-59
#fields	ts	id	hashAlgorithm	issuerNameHash	issuerKeyHash	serialNumber	certStatus	revoketime	revokereason	thisUpdate	nextUpdate
#types	time	string	string	string	string	string	string	time	string	time	time
1732596597.553964	F7pUbd1zF2xxykZVqj	sha1	1BC66318D19B621575EEB02B7469CD52D59A2AE2	F67E2FBD80A34AB2705BEBDF9A1FD8EDCA618007	3300A79020695BD5158FCA65AB000000A79020	good	-	-	1732039805.000000	1732732205.000000
1732596597.979377	FGnEFA1gxm2ZjRnGu5	sha1	1BC66318D19B621575EEB02B7469CD52D59A2AE2	F67E2FBD80A34AB2705BEBDF9A1FD8EDCA618007	3300A82A451BDBEF41631D8F87000000A82A45	good	-	-	1732399804.000000	1733092204.000000
1732596601.173392	FjI1ntKm5XNdt8Z	sha1	105FA67A80089DB5279F35CE830B43889EA3C70D	0F80611C823161D52F28E78D4638B42CE1C6D9E2	0CAC171654DB54DB887361A35563BA46	good	-	-	1732602061.000000	1733203261.000000
1732596611.473910	FgdrHo4QVLUC7gV4ef	sha1	E475019DC323E226741D6C40390795F90596462E	3B70D153E976259D60A8CA660FC69BAE6F54166A	3300E258497850FC6287B76F2C000000E25849	good	-	-	1732043588.000000	1732735988.000000
1732596615.874786	FcAJtG1RwY6Ed2LzDf	sha1	E475019DC323E226741D6C40390795F90596462E	3B70D153E976259D60A8CA660FC69BAE6F54166A	3300E258497850FC6287B76F2C000000E25849	good	-	-	1732403588.000000	1733095988.000000
1732596616.601431	FI6c6S3JlYMPnhFu24	sha1	E475019DC323E226741D6C40390795F90596462E	3B70D153E976259D60A8CA660FC69BAE6F54166A	3300E258497850FC6287B76F2C000000E25849	good	-	-	1732403588.000000	1733095988.000000
1732596623.455496	F4ASkl1Kcm7lWElHM7	sha1	E475019DC323E226741D6C40390795F90596462E	3B70D153E976259D60A8CA660FC69BAE6F54166A	3300E258497850FC6287B76F2C000000E25849	good	-	-	1732403588.000000	1733095988.000000
1732596640.928426	FY81pL3SoAHblZVNm9	sha1	690FE41567ED6F7FB534446406066F0967077172	74A47629171854853137BE67E60658C0BCC50572	0452B1D1825D026494964D6C78BAEBD187E0	good	-	-	1732523640.000000	1733128438.000000
1732596828.524381	FTKko42oX5pZsjK9Sc	sha1	E475019DC323E226741D6C40390795F90596462E	3B70D153E976259D60A8CA660FC69BAE6F54166A	3300B94CE014607334D1E0D45F000000B94CE0	good	-	-	1732043588.000000	1732735988.000000
1732597237.833372	FuDnSL3CPXOnZMTmab	sha1	7624DB6BD09C44BD8C92A5BC8159AA8199E6A50A	CE15163BEA02A3A66BDAD92BFDE58C52BE7A50A8	33002C00FAA7F37C1D184C9CAB0000002C00FA	good	-	-	1732486214.000000	1733178614.000000
1732597316.981275	FHXZTrylPLLmsD9Lf	sha1	E4E395A229D3D4C1C31FF0980C0B4EC0098AABD8	B76BA2EAA8AA848C79EAB4DA0F98B2C59576B9F4	0930956A6BDAA4C8A4A2D2D0F68E83D6	good	-	-	1732150262.000000	1732751462.000000
1732597328.567947	FMcn1f1cJ7Hk9sSmU9	sha1	E475019DC323E226741D6C40390795F90596462E	3B70D153E976259D60A8CA660FC69BAE6F54166A	3300B5AA51DDFB16FEE0BFDB7C000000B5AA51	good	-	-	1732403588.000000	1733095988.000000
1732597442.881916	FASzPn2d7obSzoa9ye	sha1	E475019DC323E226741D6C40390795F90596462E	3B70D153E976259D60A8CA660FC69BAE6F54166A	3300B5AA51DDFB16FEE0BFDB7C000000B5AA51	good	-	-	1732403588.000000	1733095988.000000
1732597497.019368	FrGSamoEP47QxzgXl	sha1	B34FFCEAC1CA8DBE13FD8B8738B023F3D896F3AC	FE09714055051044D8A48175B89E1AE94A0688C8	3300C0DA4E721F51BFD16120A2000000C0DA4E	good	-	-	1732403588.000000	1733095988.000000
1732597497.029106	F6YvZw3pktAKNw2lw3	sha1	B34FFCEAC1CA8DBE13FD8B8738B023F3D896F3AC	FE09714055051044D8A48175B89E1AE94A0688C8	3300C0DA4E721F51BFD16120A2000000C0DA4E	good	-	-	1732403588.000000	1733095988.000000
1732597497.923913	FIstSij2RSQWvdiG4	sha1	B34FFCEAC1CA8DBE13FD8B8738B023F3D896F3AC	FE09714055051044D8A48175B89E1AE94A0688C8	3300C0DA4E721F51BFD16120A2000000C0DA4E	good	-	-	1732043588.000000	1732735988.000000
1732597497.938751	FMu2PMEciyEGU7jfc	sha1	B34FFCEAC1CA8DBE13FD8B8738B023F3D896F3AC	FE09714055051044D8A48175B89E1AE94A0688C8	3300C0DA4E721F51BFD16120A2000000C0DA4E	good	-	-	1732043588.000000	1732735988.000000
1732597498.459350	F2jrS21rSdMn6bINa9	sha1	1BC66318D19B621575EEB02B7469CD52D59A2AE2	F67E2FBD80A34AB2705BEBDF9A1FD8EDCA618007	3300A72AC624E3DBB304717E38000000A72AC6	good	-	-	1732414204.000000	1733106604.000000
1732597499.728734	Fcjb5f3T8uL7OfxJE7	sha1	65913E56FAD307FB1BF50A2005B2CB514DA72B2F	72E096A151EA300C58B5F519AB9A7CCD9755102E	330000194042B5F33C3B3AF7CD000000001940	good	-	-	1732230788.000000	1732923188.000000
1732597499.760240	FNnQvX2QZleZ0W9ZZb	sha1	65913E56FAD307FB1BF50A2005B2CB514DA72B2F	72E096A151EA300C58B5F519AB9A7CCD9755102E	330000194042B5F33C3B3AF7CD000000001940	good	-	-	1732230788.000000	1732923188.000000
1732597500.515752	FgmqH63niJ7wfAjZh1	sha1	65913E56FAD307FB1BF50A2005B2CB514DA72B2F	72E096A151EA300C58B5F519AB9A7CCD9755102E	330000194042B5F33C3B3AF7CD000000001940	good	-	-	1732230788.000000	1732923188.000000
1732597500.666689	FAKahgYUBa0eyvTdi	sha1	65913E56FAD307FB1BF50A2005B2CB514DA72B2F	72E096A151EA300C58B5F519AB9A7CCD9755102E	330000194042B5F33C3B3AF7CD000000001940	good	-	-	1732230788.000000	1732923188.000000
1732597500.985842	FvlAas1DbFttisvwl9	sha1	65913E56FAD307FB1BF50A2005B2CB514DA72B2F	72E096A151EA300C58B5F519AB9A7CCD9755102E	330000194042B5F33C3B3AF7CD000000001940	good	-	-	1732230788.000000	1732923188.000000
1732597669.125487	Fu3IOC43ICzaXb59Hf	sha1	E475019DC323E226741D6C40390795F90596462E	3B70D153E976259D60A8CA660FC69BAE6F54166A	3300B5AA51DDFB16FEE0BFDB7C000000B5AA51	good	-	-	1732403588.000000	1733095988.000000
1732598497.432329	FzcHMg4Bo0f7XzyMak	sha1	B34FFCEAC1CA8DBE13FD8B8738B023F3D896F3AC	FE09714055051044D8A48175B89E1AE94A0688C8	3300C0DA4E721F51BFD16120A2000000C0DA4E	good	-	-	1732317188.000000	1733009588.000000
#close	2025-07-31-14-41-59
