[62348 - Suricata-Main] 2025-07-31 14:41:28 Notice: suricata: This is Suricata version 7.0.10 RELEASE running in USER mode
[62348 - Suricata-Main] 2025-07-31 14:41:28 Info: cpu: CPUs/cores online: 4
[62348 - Suricata-Main] 2025-07-31 14:41:28 Info: suricata: Setting engine mode to IDS mode by default
[62348 - Suricata-Main] 2025-07-31 14:41:28 Info: exception-policy: master exception-policy set to: auto
[62348 - Suricata-Main] 2025-07-31 14:41:28 Info: logopenfile: fast output device (regular) initialized: fast.log
[62348 - Suricata-Main] 2025-07-31 14:41:28 Info: logopenfile: eve-log output device (regular) initialized: eve.json
[62348 - Suricata-Main] 2025-07-31 14:41:28 Info: logopenfile: http-log output device (regular) initialized: http.log
[62348 - Suricata-Main] 2025-07-31 14:41:28 Info: logopenfile: stats output device (regular) initialized: stats.log
[62348 - Suricata-Main] 2025-07-31 14:41:28 Info: output-filestore: Filestore (v2) creating directory ./filestore
[62348 - Suricata-Main] 2025-07-31 14:41:28 Info: output-filestore: Filestore (v2) creating directory ./filestore/00
[62348 - Suricata-Main] 2025-07-31 14:41:28 Info: output-filestore: Filestore (v2) creating directory ./filestore/01
[62348 - Suricata-Main] 2025-07-31 14:41:28 Info: output-filestore: Filestore (v2) creating directory ./filestore/02
[62348 - Suricata-Main] 2025-07-31 14:41:28 Info: output-filestore: Filestore (v2) creating directory ./filestore/03
[62348 - Suricata-Main] 2025-07-31 14:41:28 Info: output-filestore: Filestore (v2) creating directory ./filestore/04
[62348 - Suricata-Main] 2025-07-31 14:41:28 Info: output-filestore: Filestore (v2) creating directory ./filestore/05
[62348 - Suricata-Main] 2025-07-31 14:41:28 Info: output-filestore: Filestore (v2) creating directory ./filestore/06
[62348 - Suricata-Main] 2025-07-31 14:41:28 Info: output-filestore: Filestore (v2) creating directory ./filestore/07
[62348 - Suricata-Main] 2025-07-31 14:41:28 Info: output-filestore: Filestore (v2) creating directory ./filestore/08
[62348 - Suricata-Main] 2025-07-31 14:41:28 Info: output-filestore: Filestore (v2) creating directory ./filestore/09
[62348 - Suricata-Main] 2025-07-31 14:41:28 Info: output-filestore: Filestore (v2) creating directory ./filestore/0a
[62348 - Suricata-Main] 2025-07-31 14:41:28 Info: output-filestore: Filestore (v2) creating directory ./filestore/0b
[62348 - Suricata-Main] 2025-07-31 14:41:28 Info: output-filestore: Filestore (v2) creating directory ./filestore/0c
[62348 - Suricata-Main] 2025-07-31 14:41:28 Info: output-filestore: Filestore (v2) creating directory ./filestore/0d
[62348 - Suricata-Main] 2025-07-31 14:41:28 Info: output-filestore: Filestore (v2) creating directory ./filestore/0e
[62348 - Suricata-Main] 2025-07-31 14:41:28 Info: output-filestore: Filestore (v2) creating directory ./filestore/0f
[62348 - Suricata-Main] 2025-07-31 14:41:28 Info: output-filestore: Filestore (v2) creating directory ./filestore/10
[62348 - Suricata-Main] 2025-07-31 14:41:28 Info: output-filestore: Filestore (v2) creating directory ./filestore/11
[62348 - Suricata-Main] 2025-07-31 14:41:28 Info: output-filestore: Filestore (v2) creating directory ./filestore/12
[62348 - Suricata-Main] 2025-07-31 14:41:28 Info: output-filestore: Filestore (v2) creating directory ./filestore/13
[62348 - Suricata-Main] 2025-07-31 14:41:28 Info: output-filestore: Filestore (v2) creating directory ./filestore/14
[62348 - Suricata-Main] 2025-07-31 14:41:28 Info: output-filestore: Filestore (v2) creating directory ./filestore/15
[62348 - Suricata-Main] 2025-07-31 14:41:28 Info: output-filestore: Filestore (v2) creating directory ./filestore/16
[62348 - Suricata-Main] 2025-07-31 14:41:28 Info: output-filestore: Filestore (v2) creating directory ./filestore/17
[62348 - Suricata-Main] 2025-07-31 14:41:28 Info: output-filestore: Filestore (v2) creating directory ./filestore/18
[62348 - Suricata-Main] 2025-07-31 14:41:28 Info: output-filestore: Filestore (v2) creating directory ./filestore/19
[62348 - Suricata-Main] 2025-07-31 14:41:28 Info: output-filestore: Filestore (v2) creating directory ./filestore/1a
[62348 - Suricata-Main] 2025-07-31 14:41:28 Info: output-filestore: Filestore (v2) creating directory ./filestore/1b
[62348 - Suricata-Main] 2025-07-31 14:41:28 Info: output-filestore: Filestore (v2) creating directory ./filestore/1c
[62348 - Suricata-Main] 2025-07-31 14:41:28 Info: output-filestore: Filestore (v2) creating directory ./filestore/1d
[62348 - Suricata-Main] 2025-07-31 14:41:28 Info: output-filestore: Filestore (v2) creating directory ./filestore/1e
[62348 - Suricata-Main] 2025-07-31 14:41:28 Info: output-filestore: Filestore (v2) creating directory ./filestore/1f
[62348 - Suricata-Main] 2025-07-31 14:41:28 Info: output-filestore: Filestore (v2) creating directory ./filestore/20
[62348 - Suricata-Main] 2025-07-31 14:41:28 Info: output-filestore: Filestore (v2) creating directory ./filestore/21
[62348 - Suricata-Main] 2025-07-31 14:41:28 Info: output-filestore: Filestore (v2) creating directory ./filestore/22
[62348 - Suricata-Main] 2025-07-31 14:41:28 Info: output-filestore: Filestore (v2) creating directory ./filestore/23
[62348 - Suricata-Main] 2025-07-31 14:41:28 Info: output-filestore: Filestore (v2) creating directory ./filestore/24
[62348 - Suricata-Main] 2025-07-31 14:41:28 Info: output-filestore: Filestore (v2) creating directory ./filestore/25
[62348 - Suricata-Main] 2025-07-31 14:41:28 Info: output-filestore: Filestore (v2) creating directory ./filestore/26
[62348 - Suricata-Main] 2025-07-31 14:41:28 Info: output-filestore: Filestore (v2) creating directory ./filestore/27
[62348 - Suricata-Main] 2025-07-31 14:41:28 Info: output-filestore: Filestore (v2) creating directory ./filestore/28
[62348 - Suricata-Main] 2025-07-31 14:41:28 Info: output-filestore: Filestore (v2) creating directory ./filestore/29
[62348 - Suricata-Main] 2025-07-31 14:41:28 Info: output-filestore: Filestore (v2) creating directory ./filestore/2a
[62348 - Suricata-Main] 2025-07-31 14:41:28 Info: output-filestore: Filestore (v2) creating directory ./filestore/2b
[62348 - Suricata-Main] 2025-07-31 14:41:28 Info: output-filestore: Filestore (v2) creating directory ./filestore/2c
[62348 - Suricata-Main] 2025-07-31 14:41:28 Info: output-filestore: Filestore (v2) creating directory ./filestore/2d
[62348 - Suricata-Main] 2025-07-31 14:41:28 Info: output-filestore: Filestore (v2) creating directory ./filestore/2e
[62348 - Suricata-Main] 2025-07-31 14:41:28 Info: output-filestore: Filestore (v2) creating directory ./filestore/2f
[62348 - Suricata-Main] 2025-07-31 14:41:28 Info: output-filestore: Filestore (v2) creating directory ./filestore/30
[62348 - Suricata-Main] 2025-07-31 14:41:28 Info: output-filestore: Filestore (v2) creating directory ./filestore/31
[62348 - Suricata-Main] 2025-07-31 14:41:28 Info: output-filestore: Filestore (v2) creating directory ./filestore/32
[62348 - Suricata-Main] 2025-07-31 14:41:28 Info: output-filestore: Filestore (v2) creating directory ./filestore/33
[62348 - Suricata-Main] 2025-07-31 14:41:28 Info: output-filestore: Filestore (v2) creating directory ./filestore/34
[62348 - Suricata-Main] 2025-07-31 14:41:28 Info: output-filestore: Filestore (v2) creating directory ./filestore/35
[62348 - Suricata-Main] 2025-07-31 14:41:28 Info: output-filestore: Filestore (v2) creating directory ./filestore/36
[62348 - Suricata-Main] 2025-07-31 14:41:28 Info: output-filestore: Filestore (v2) creating directory ./filestore/37
[62348 - Suricata-Main] 2025-07-31 14:41:28 Info: output-filestore: Filestore (v2) creating directory ./filestore/38
[62348 - Suricata-Main] 2025-07-31 14:41:28 Info: output-filestore: Filestore (v2) creating directory ./filestore/39
[62348 - Suricata-Main] 2025-07-31 14:41:28 Info: output-filestore: Filestore (v2) creating directory ./filestore/3a
[62348 - Suricata-Main] 2025-07-31 14:41:28 Info: output-filestore: Filestore (v2) creating directory ./filestore/3b
[62348 - Suricata-Main] 2025-07-31 14:41:28 Info: output-filestore: Filestore (v2) creating directory ./filestore/3c
[62348 - Suricata-Main] 2025-07-31 14:41:28 Info: output-filestore: Filestore (v2) creating directory ./filestore/3d
[62348 - Suricata-Main] 2025-07-31 14:41:28 Info: output-filestore: Filestore (v2) creating directory ./filestore/3e
[62348 - Suricata-Main] 2025-07-31 14:41:28 Info: output-filestore: Filestore (v2) creating directory ./filestore/3f
[62348 - Suricata-Main] 2025-07-31 14:41:28 Info: output-filestore: Filestore (v2) creating directory ./filestore/40
[62348 - Suricata-Main] 2025-07-31 14:41:28 Info: output-filestore: Filestore (v2) creating directory ./filestore/41
[62348 - Suricata-Main] 2025-07-31 14:41:28 Info: output-filestore: Filestore (v2) creating directory ./filestore/42
[62348 - Suricata-Main] 2025-07-31 14:41:28 Info: output-filestore: Filestore (v2) creating directory ./filestore/43
[62348 - Suricata-Main] 2025-07-31 14:41:28 Info: output-filestore: Filestore (v2) creating directory ./filestore/44
[62348 - Suricata-Main] 2025-07-31 14:41:28 Info: output-filestore: Filestore (v2) creating directory ./filestore/45
[62348 - Suricata-Main] 2025-07-31 14:41:28 Info: output-filestore: Filestore (v2) creating directory ./filestore/46
[62348 - Suricata-Main] 2025-07-31 14:41:28 Info: output-filestore: Filestore (v2) creating directory ./filestore/47
[62348 - Suricata-Main] 2025-07-31 14:41:28 Info: output-filestore: Filestore (v2) creating directory ./filestore/48
[62348 - Suricata-Main] 2025-07-31 14:41:28 Info: output-filestore: Filestore (v2) creating directory ./filestore/49
[62348 - Suricata-Main] 2025-07-31 14:41:28 Info: output-filestore: Filestore (v2) creating directory ./filestore/4a
[62348 - Suricata-Main] 2025-07-31 14:41:28 Info: output-filestore: Filestore (v2) creating directory ./filestore/4b
[62348 - Suricata-Main] 2025-07-31 14:41:28 Info: output-filestore: Filestore (v2) creating directory ./filestore/4c
[62348 - Suricata-Main] 2025-07-31 14:41:28 Info: output-filestore: Filestore (v2) creating directory ./filestore/4d
[62348 - Suricata-Main] 2025-07-31 14:41:28 Info: output-filestore: Filestore (v2) creating directory ./filestore/4e
[62348 - Suricata-Main] 2025-07-31 14:41:28 Info: output-filestore: Filestore (v2) creating directory ./filestore/4f
[62348 - Suricata-Main] 2025-07-31 14:41:28 Info: output-filestore: Filestore (v2) creating directory ./filestore/50
[62348 - Suricata-Main] 2025-07-31 14:41:28 Info: output-filestore: Filestore (v2) creating directory ./filestore/51
[62348 - Suricata-Main] 2025-07-31 14:41:28 Info: output-filestore: Filestore (v2) creating directory ./filestore/52
[62348 - Suricata-Main] 2025-07-31 14:41:28 Info: output-filestore: Filestore (v2) creating directory ./filestore/53
[62348 - Suricata-Main] 2025-07-31 14:41:28 Info: output-filestore: Filestore (v2) creating directory ./filestore/54
[62348 - Suricata-Main] 2025-07-31 14:41:28 Info: output-filestore: Filestore (v2) creating directory ./filestore/55
[62348 - Suricata-Main] 2025-07-31 14:41:28 Info: output-filestore: Filestore (v2) creating directory ./filestore/56
[62348 - Suricata-Main] 2025-07-31 14:41:28 Info: output-filestore: Filestore (v2) creating directory ./filestore/57
[62348 - Suricata-Main] 2025-07-31 14:41:28 Info: output-filestore: Filestore (v2) creating directory ./filestore/58
[62348 - Suricata-Main] 2025-07-31 14:41:28 Info: output-filestore: Filestore (v2) creating directory ./filestore/59
[62348 - Suricata-Main] 2025-07-31 14:41:28 Info: output-filestore: Filestore (v2) creating directory ./filestore/5a
[62348 - Suricata-Main] 2025-07-31 14:41:28 Info: output-filestore: Filestore (v2) creating directory ./filestore/5b
[62348 - Suricata-Main] 2025-07-31 14:41:28 Info: output-filestore: Filestore (v2) creating directory ./filestore/5c
[62348 - Suricata-Main] 2025-07-31 14:41:28 Info: output-filestore: Filestore (v2) creating directory ./filestore/5d
[62348 - Suricata-Main] 2025-07-31 14:41:28 Info: output-filestore: Filestore (v2) creating directory ./filestore/5e
[62348 - Suricata-Main] 2025-07-31 14:41:28 Info: output-filestore: Filestore (v2) creating directory ./filestore/5f
[62348 - Suricata-Main] 2025-07-31 14:41:28 Info: output-filestore: Filestore (v2) creating directory ./filestore/60
[62348 - Suricata-Main] 2025-07-31 14:41:28 Info: output-filestore: Filestore (v2) creating directory ./filestore/61
[62348 - Suricata-Main] 2025-07-31 14:41:28 Info: output-filestore: Filestore (v2) creating directory ./filestore/62
[62348 - Suricata-Main] 2025-07-31 14:41:28 Info: output-filestore: Filestore (v2) creating directory ./filestore/63
[62348 - Suricata-Main] 2025-07-31 14:41:28 Info: output-filestore: Filestore (v2) creating directory ./filestore/64
[62348 - Suricata-Main] 2025-07-31 14:41:28 Info: output-filestore: Filestore (v2) creating directory ./filestore/65
[62348 - Suricata-Main] 2025-07-31 14:41:28 Info: output-filestore: Filestore (v2) creating directory ./filestore/66
[62348 - Suricata-Main] 2025-07-31 14:41:28 Info: output-filestore: Filestore (v2) creating directory ./filestore/67
[62348 - Suricata-Main] 2025-07-31 14:41:28 Info: output-filestore: Filestore (v2) creating directory ./filestore/68
[62348 - Suricata-Main] 2025-07-31 14:41:28 Info: output-filestore: Filestore (v2) creating directory ./filestore/69
[62348 - Suricata-Main] 2025-07-31 14:41:28 Info: output-filestore: Filestore (v2) creating directory ./filestore/6a
[62348 - Suricata-Main] 2025-07-31 14:41:28 Info: output-filestore: Filestore (v2) creating directory ./filestore/6b
[62348 - Suricata-Main] 2025-07-31 14:41:28 Info: output-filestore: Filestore (v2) creating directory ./filestore/6c
[62348 - Suricata-Main] 2025-07-31 14:41:28 Info: output-filestore: Filestore (v2) creating directory ./filestore/6d
[62348 - Suricata-Main] 2025-07-31 14:41:28 Info: output-filestore: Filestore (v2) creating directory ./filestore/6e
[62348 - Suricata-Main] 2025-07-31 14:41:28 Info: output-filestore: Filestore (v2) creating directory ./filestore/6f
[62348 - Suricata-Main] 2025-07-31 14:41:28 Info: output-filestore: Filestore (v2) creating directory ./filestore/70
[62348 - Suricata-Main] 2025-07-31 14:41:28 Info: output-filestore: Filestore (v2) creating directory ./filestore/71
[62348 - Suricata-Main] 2025-07-31 14:41:28 Info: output-filestore: Filestore (v2) creating directory ./filestore/72
[62348 - Suricata-Main] 2025-07-31 14:41:28 Info: output-filestore: Filestore (v2) creating directory ./filestore/73
[62348 - Suricata-Main] 2025-07-31 14:41:28 Info: output-filestore: Filestore (v2) creating directory ./filestore/74
[62348 - Suricata-Main] 2025-07-31 14:41:28 Info: output-filestore: Filestore (v2) creating directory ./filestore/75
[62348 - Suricata-Main] 2025-07-31 14:41:28 Info: output-filestore: Filestore (v2) creating directory ./filestore/76
[62348 - Suricata-Main] 2025-07-31 14:41:28 Info: output-filestore: Filestore (v2) creating directory ./filestore/77
[62348 - Suricata-Main] 2025-07-31 14:41:28 Info: output-filestore: Filestore (v2) creating directory ./filestore/78
[62348 - Suricata-Main] 2025-07-31 14:41:28 Info: output-filestore: Filestore (v2) creating directory ./filestore/79
[62348 - Suricata-Main] 2025-07-31 14:41:28 Info: output-filestore: Filestore (v2) creating directory ./filestore/7a
[62348 - Suricata-Main] 2025-07-31 14:41:28 Info: output-filestore: Filestore (v2) creating directory ./filestore/7b
[62348 - Suricata-Main] 2025-07-31 14:41:28 Info: output-filestore: Filestore (v2) creating directory ./filestore/7c
[62348 - Suricata-Main] 2025-07-31 14:41:28 Info: output-filestore: Filestore (v2) creating directory ./filestore/7d
[62348 - Suricata-Main] 2025-07-31 14:41:28 Info: output-filestore: Filestore (v2) creating directory ./filestore/7e
[62348 - Suricata-Main] 2025-07-31 14:41:28 Info: output-filestore: Filestore (v2) creating directory ./filestore/7f
[62348 - Suricata-Main] 2025-07-31 14:41:28 Info: output-filestore: Filestore (v2) creating directory ./filestore/80
[62348 - Suricata-Main] 2025-07-31 14:41:28 Info: output-filestore: Filestore (v2) creating directory ./filestore/81
[62348 - Suricata-Main] 2025-07-31 14:41:28 Info: output-filestore: Filestore (v2) creating directory ./filestore/82
[62348 - Suricata-Main] 2025-07-31 14:41:28 Info: output-filestore: Filestore (v2) creating directory ./filestore/83
[62348 - Suricata-Main] 2025-07-31 14:41:28 Info: output-filestore: Filestore (v2) creating directory ./filestore/84
[62348 - Suricata-Main] 2025-07-31 14:41:28 Info: output-filestore: Filestore (v2) creating directory ./filestore/85
[62348 - Suricata-Main] 2025-07-31 14:41:28 Info: output-filestore: Filestore (v2) creating directory ./filestore/86
[62348 - Suricata-Main] 2025-07-31 14:41:28 Info: output-filestore: Filestore (v2) creating directory ./filestore/87
[62348 - Suricata-Main] 2025-07-31 14:41:28 Info: output-filestore: Filestore (v2) creating directory ./filestore/88
[62348 - Suricata-Main] 2025-07-31 14:41:28 Info: output-filestore: Filestore (v2) creating directory ./filestore/89
[62348 - Suricata-Main] 2025-07-31 14:41:28 Info: output-filestore: Filestore (v2) creating directory ./filestore/8a
[62348 - Suricata-Main] 2025-07-31 14:41:28 Info: output-filestore: Filestore (v2) creating directory ./filestore/8b
[62348 - Suricata-Main] 2025-07-31 14:41:28 Info: output-filestore: Filestore (v2) creating directory ./filestore/8c
[62348 - Suricata-Main] 2025-07-31 14:41:28 Info: output-filestore: Filestore (v2) creating directory ./filestore/8d
[62348 - Suricata-Main] 2025-07-31 14:41:28 Info: output-filestore: Filestore (v2) creating directory ./filestore/8e
[62348 - Suricata-Main] 2025-07-31 14:41:28 Info: output-filestore: Filestore (v2) creating directory ./filestore/8f
[62348 - Suricata-Main] 2025-07-31 14:41:28 Info: output-filestore: Filestore (v2) creating directory ./filestore/90
[62348 - Suricata-Main] 2025-07-31 14:41:28 Info: output-filestore: Filestore (v2) creating directory ./filestore/91
[62348 - Suricata-Main] 2025-07-31 14:41:28 Info: output-filestore: Filestore (v2) creating directory ./filestore/92
[62348 - Suricata-Main] 2025-07-31 14:41:28 Info: output-filestore: Filestore (v2) creating directory ./filestore/93
[62348 - Suricata-Main] 2025-07-31 14:41:28 Info: output-filestore: Filestore (v2) creating directory ./filestore/94
[62348 - Suricata-Main] 2025-07-31 14:41:28 Info: output-filestore: Filestore (v2) creating directory ./filestore/95
[62348 - Suricata-Main] 2025-07-31 14:41:28 Info: output-filestore: Filestore (v2) creating directory ./filestore/96
[62348 - Suricata-Main] 2025-07-31 14:41:28 Info: output-filestore: Filestore (v2) creating directory ./filestore/97
[62348 - Suricata-Main] 2025-07-31 14:41:28 Info: output-filestore: Filestore (v2) creating directory ./filestore/98
[62348 - Suricata-Main] 2025-07-31 14:41:28 Info: output-filestore: Filestore (v2) creating directory ./filestore/99
[62348 - Suricata-Main] 2025-07-31 14:41:28 Info: output-filestore: Filestore (v2) creating directory ./filestore/9a
[62348 - Suricata-Main] 2025-07-31 14:41:28 Info: output-filestore: Filestore (v2) creating directory ./filestore/9b
[62348 - Suricata-Main] 2025-07-31 14:41:28 Info: output-filestore: Filestore (v2) creating directory ./filestore/9c
[62348 - Suricata-Main] 2025-07-31 14:41:28 Info: output-filestore: Filestore (v2) creating directory ./filestore/9d
[62348 - Suricata-Main] 2025-07-31 14:41:28 Info: output-filestore: Filestore (v2) creating directory ./filestore/9e
[62348 - Suricata-Main] 2025-07-31 14:41:28 Info: output-filestore: Filestore (v2) creating directory ./filestore/9f
[62348 - Suricata-Main] 2025-07-31 14:41:28 Info: output-filestore: Filestore (v2) creating directory ./filestore/a0
[62348 - Suricata-Main] 2025-07-31 14:41:28 Info: output-filestore: Filestore (v2) creating directory ./filestore/a1
[62348 - Suricata-Main] 2025-07-31 14:41:28 Info: output-filestore: Filestore (v2) creating directory ./filestore/a2
[62348 - Suricata-Main] 2025-07-31 14:41:28 Info: output-filestore: Filestore (v2) creating directory ./filestore/a3
[62348 - Suricata-Main] 2025-07-31 14:41:28 Info: output-filestore: Filestore (v2) creating directory ./filestore/a4
[62348 - Suricata-Main] 2025-07-31 14:41:28 Info: output-filestore: Filestore (v2) creating directory ./filestore/a5
[62348 - Suricata-Main] 2025-07-31 14:41:28 Info: output-filestore: Filestore (v2) creating directory ./filestore/a6
[62348 - Suricata-Main] 2025-07-31 14:41:28 Info: output-filestore: Filestore (v2) creating directory ./filestore/a7
[62348 - Suricata-Main] 2025-07-31 14:41:28 Info: output-filestore: Filestore (v2) creating directory ./filestore/a8
[62348 - Suricata-Main] 2025-07-31 14:41:28 Info: output-filestore: Filestore (v2) creating directory ./filestore/a9
[62348 - Suricata-Main] 2025-07-31 14:41:28 Info: output-filestore: Filestore (v2) creating directory ./filestore/aa
[62348 - Suricata-Main] 2025-07-31 14:41:28 Info: output-filestore: Filestore (v2) creating directory ./filestore/ab
[62348 - Suricata-Main] 2025-07-31 14:41:28 Info: output-filestore: Filestore (v2) creating directory ./filestore/ac
[62348 - Suricata-Main] 2025-07-31 14:41:28 Info: output-filestore: Filestore (v2) creating directory ./filestore/ad
[62348 - Suricata-Main] 2025-07-31 14:41:28 Info: output-filestore: Filestore (v2) creating directory ./filestore/ae
[62348 - Suricata-Main] 2025-07-31 14:41:28 Info: output-filestore: Filestore (v2) creating directory ./filestore/af
[62348 - Suricata-Main] 2025-07-31 14:41:28 Info: output-filestore: Filestore (v2) creating directory ./filestore/b0
[62348 - Suricata-Main] 2025-07-31 14:41:28 Info: output-filestore: Filestore (v2) creating directory ./filestore/b1
[62348 - Suricata-Main] 2025-07-31 14:41:28 Info: output-filestore: Filestore (v2) creating directory ./filestore/b2
[62348 - Suricata-Main] 2025-07-31 14:41:28 Info: output-filestore: Filestore (v2) creating directory ./filestore/b3
[62348 - Suricata-Main] 2025-07-31 14:41:28 Info: output-filestore: Filestore (v2) creating directory ./filestore/b4
[62348 - Suricata-Main] 2025-07-31 14:41:28 Info: output-filestore: Filestore (v2) creating directory ./filestore/b5
[62348 - Suricata-Main] 2025-07-31 14:41:28 Info: output-filestore: Filestore (v2) creating directory ./filestore/b6
[62348 - Suricata-Main] 2025-07-31 14:41:28 Info: output-filestore: Filestore (v2) creating directory ./filestore/b7
[62348 - Suricata-Main] 2025-07-31 14:41:28 Info: output-filestore: Filestore (v2) creating directory ./filestore/b8
[62348 - Suricata-Main] 2025-07-31 14:41:28 Info: output-filestore: Filestore (v2) creating directory ./filestore/b9
[62348 - Suricata-Main] 2025-07-31 14:41:28 Info: output-filestore: Filestore (v2) creating directory ./filestore/ba
[62348 - Suricata-Main] 2025-07-31 14:41:28 Info: output-filestore: Filestore (v2) creating directory ./filestore/bb
[62348 - Suricata-Main] 2025-07-31 14:41:28 Info: output-filestore: Filestore (v2) creating directory ./filestore/bc
[62348 - Suricata-Main] 2025-07-31 14:41:28 Info: output-filestore: Filestore (v2) creating directory ./filestore/bd
[62348 - Suricata-Main] 2025-07-31 14:41:28 Info: output-filestore: Filestore (v2) creating directory ./filestore/be
[62348 - Suricata-Main] 2025-07-31 14:41:28 Info: output-filestore: Filestore (v2) creating directory ./filestore/bf
[62348 - Suricata-Main] 2025-07-31 14:41:28 Info: output-filestore: Filestore (v2) creating directory ./filestore/c0
[62348 - Suricata-Main] 2025-07-31 14:41:28 Info: output-filestore: Filestore (v2) creating directory ./filestore/c1
[62348 - Suricata-Main] 2025-07-31 14:41:28 Info: output-filestore: Filestore (v2) creating directory ./filestore/c2
[62348 - Suricata-Main] 2025-07-31 14:41:28 Info: output-filestore: Filestore (v2) creating directory ./filestore/c3
[62348 - Suricata-Main] 2025-07-31 14:41:28 Info: output-filestore: Filestore (v2) creating directory ./filestore/c4
[62348 - Suricata-Main] 2025-07-31 14:41:28 Info: output-filestore: Filestore (v2) creating directory ./filestore/c5
[62348 - Suricata-Main] 2025-07-31 14:41:28 Info: output-filestore: Filestore (v2) creating directory ./filestore/c6
[62348 - Suricata-Main] 2025-07-31 14:41:28 Info: output-filestore: Filestore (v2) creating directory ./filestore/c7
[62348 - Suricata-Main] 2025-07-31 14:41:28 Info: output-filestore: Filestore (v2) creating directory ./filestore/c8
[62348 - Suricata-Main] 2025-07-31 14:41:28 Info: output-filestore: Filestore (v2) creating directory ./filestore/c9
[62348 - Suricata-Main] 2025-07-31 14:41:28 Info: output-filestore: Filestore (v2) creating directory ./filestore/ca
[62348 - Suricata-Main] 2025-07-31 14:41:28 Info: output-filestore: Filestore (v2) creating directory ./filestore/cb
[62348 - Suricata-Main] 2025-07-31 14:41:28 Info: output-filestore: Filestore (v2) creating directory ./filestore/cc
[62348 - Suricata-Main] 2025-07-31 14:41:28 Info: output-filestore: Filestore (v2) creating directory ./filestore/cd
[62348 - Suricata-Main] 2025-07-31 14:41:28 Info: output-filestore: Filestore (v2) creating directory ./filestore/ce
[62348 - Suricata-Main] 2025-07-31 14:41:28 Info: output-filestore: Filestore (v2) creating directory ./filestore/cf
[62348 - Suricata-Main] 2025-07-31 14:41:28 Info: output-filestore: Filestore (v2) creating directory ./filestore/d0
[62348 - Suricata-Main] 2025-07-31 14:41:28 Info: output-filestore: Filestore (v2) creating directory ./filestore/d1
[62348 - Suricata-Main] 2025-07-31 14:41:28 Info: output-filestore: Filestore (v2) creating directory ./filestore/d2
[62348 - Suricata-Main] 2025-07-31 14:41:28 Info: output-filestore: Filestore (v2) creating directory ./filestore/d3
[62348 - Suricata-Main] 2025-07-31 14:41:28 Info: output-filestore: Filestore (v2) creating directory ./filestore/d4
[62348 - Suricata-Main] 2025-07-31 14:41:28 Info: output-filestore: Filestore (v2) creating directory ./filestore/d5
[62348 - Suricata-Main] 2025-07-31 14:41:28 Info: output-filestore: Filestore (v2) creating directory ./filestore/d6
[62348 - Suricata-Main] 2025-07-31 14:41:28 Info: output-filestore: Filestore (v2) creating directory ./filestore/d7
[62348 - Suricata-Main] 2025-07-31 14:41:28 Info: output-filestore: Filestore (v2) creating directory ./filestore/d8
[62348 - Suricata-Main] 2025-07-31 14:41:28 Info: output-filestore: Filestore (v2) creating directory ./filestore/d9
[62348 - Suricata-Main] 2025-07-31 14:41:28 Info: output-filestore: Filestore (v2) creating directory ./filestore/da
[62348 - Suricata-Main] 2025-07-31 14:41:28 Info: output-filestore: Filestore (v2) creating directory ./filestore/db
[62348 - Suricata-Main] 2025-07-31 14:41:28 Info: output-filestore: Filestore (v2) creating directory ./filestore/dc
[62348 - Suricata-Main] 2025-07-31 14:41:28 Info: output-filestore: Filestore (v2) creating directory ./filestore/dd
[62348 - Suricata-Main] 2025-07-31 14:41:28 Info: output-filestore: Filestore (v2) creating directory ./filestore/de
[62348 - Suricata-Main] 2025-07-31 14:41:28 Info: output-filestore: Filestore (v2) creating directory ./filestore/df
[62348 - Suricata-Main] 2025-07-31 14:41:28 Info: output-filestore: Filestore (v2) creating directory ./filestore/e0
[62348 - Suricata-Main] 2025-07-31 14:41:28 Info: output-filestore: Filestore (v2) creating directory ./filestore/e1
[62348 - Suricata-Main] 2025-07-31 14:41:28 Info: output-filestore: Filestore (v2) creating directory ./filestore/e2
[62348 - Suricata-Main] 2025-07-31 14:41:28 Info: output-filestore: Filestore (v2) creating directory ./filestore/e3
[62348 - Suricata-Main] 2025-07-31 14:41:28 Info: output-filestore: Filestore (v2) creating directory ./filestore/e4
[62348 - Suricata-Main] 2025-07-31 14:41:28 Info: output-filestore: Filestore (v2) creating directory ./filestore/e5
[62348 - Suricata-Main] 2025-07-31 14:41:28 Info: output-filestore: Filestore (v2) creating directory ./filestore/e6
[62348 - Suricata-Main] 2025-07-31 14:41:28 Info: output-filestore: Filestore (v2) creating directory ./filestore/e7
[62348 - Suricata-Main] 2025-07-31 14:41:28 Info: output-filestore: Filestore (v2) creating directory ./filestore/e8
[62348 - Suricata-Main] 2025-07-31 14:41:28 Info: output-filestore: Filestore (v2) creating directory ./filestore/e9
[62348 - Suricata-Main] 2025-07-31 14:41:28 Info: output-filestore: Filestore (v2) creating directory ./filestore/ea
[62348 - Suricata-Main] 2025-07-31 14:41:28 Info: output-filestore: Filestore (v2) creating directory ./filestore/eb
[62348 - Suricata-Main] 2025-07-31 14:41:28 Info: output-filestore: Filestore (v2) creating directory ./filestore/ec
[62348 - Suricata-Main] 2025-07-31 14:41:28 Info: output-filestore: Filestore (v2) creating directory ./filestore/ed
[62348 - Suricata-Main] 2025-07-31 14:41:28 Info: output-filestore: Filestore (v2) creating directory ./filestore/ee
[62348 - Suricata-Main] 2025-07-31 14:41:28 Info: output-filestore: Filestore (v2) creating directory ./filestore/ef
[62348 - Suricata-Main] 2025-07-31 14:41:28 Info: output-filestore: Filestore (v2) creating directory ./filestore/f0
[62348 - Suricata-Main] 2025-07-31 14:41:28 Info: output-filestore: Filestore (v2) creating directory ./filestore/f1
[62348 - Suricata-Main] 2025-07-31 14:41:28 Info: output-filestore: Filestore (v2) creating directory ./filestore/f2
[62348 - Suricata-Main] 2025-07-31 14:41:28 Info: output-filestore: Filestore (v2) creating directory ./filestore/f3
[62348 - Suricata-Main] 2025-07-31 14:41:28 Info: output-filestore: Filestore (v2) creating directory ./filestore/f4
[62348 - Suricata-Main] 2025-07-31 14:41:28 Info: output-filestore: Filestore (v2) creating directory ./filestore/f5
[62348 - Suricata-Main] 2025-07-31 14:41:28 Info: output-filestore: Filestore (v2) creating directory ./filestore/f6
[62348 - Suricata-Main] 2025-07-31 14:41:28 Info: output-filestore: Filestore (v2) creating directory ./filestore/f7
[62348 - Suricata-Main] 2025-07-31 14:41:28 Info: output-filestore: Filestore (v2) creating directory ./filestore/f8
[62348 - Suricata-Main] 2025-07-31 14:41:28 Info: output-filestore: Filestore (v2) creating directory ./filestore/f9
[62348 - Suricata-Main] 2025-07-31 14:41:28 Info: output-filestore: Filestore (v2) creating directory ./filestore/fa
[62348 - Suricata-Main] 2025-07-31 14:41:28 Info: output-filestore: Filestore (v2) creating directory ./filestore/fb
[62348 - Suricata-Main] 2025-07-31 14:41:28 Info: output-filestore: Filestore (v2) creating directory ./filestore/fc
[62348 - Suricata-Main] 2025-07-31 14:41:28 Info: output-filestore: Filestore (v2) creating directory ./filestore/fd
[62348 - Suricata-Main] 2025-07-31 14:41:28 Info: output-filestore: Filestore (v2) creating directory ./filestore/fe
[62348 - Suricata-Main] 2025-07-31 14:41:28 Info: output-filestore: Filestore (v2) creating directory ./filestore/ff
[62348 - Suricata-Main] 2025-07-31 14:41:28 Info: output-filestore: Filestore (v2) creating directory ./filestore/tmp
[62348 - Suricata-Main] 2025-07-31 14:41:35 Info: detect: 1 rule files processed. 44626 rules successfully loaded, 0 rules failed, 0
[62348 - Suricata-Main] 2025-07-31 14:41:35 Info: threshold-config: Threshold config parsed: 0 rule(s) found
[62348 - Suricata-Main] 2025-07-31 14:41:35 Info: detect: 44629 signatures processed. 951 are IP-only rules, 4378 are inspecting packet payload, 39078 inspect application layer, 109 are decoder event only
[62348 - Suricata-Main] 2025-07-31 14:41:46 Info: unix-manager: unix socket '/var/run/suricata-command.socket'
[62485 - RX#01] 2025-07-31 14:41:46 Info: pcap: Starting file run for 2024-11-26-traffic-analysis-exercise.pcap
[62485 - RX#01] 2025-07-31 14:41:46 Info: checksum: No packets with invalid checksum, assuming checksum offloading is NOT used
[62348 - Suricata-Main] 2025-07-31 14:41:46 Notice: threads: Threads created -> RX: 1 W: 4 FM: 1 FR: 1   Engine started.
[62485 - RX#01] 2025-07-31 14:41:46 Info: pcap: pcap file 2024-11-26-traffic-analysis-exercise.pcap end of file reached (pcap err code 0)
[62348 - Suricata-Main] 2025-07-31 14:41:46 Notice: suricata: Signal Received.  Stopping engine.
[62348 - Suricata-Main] 2025-07-31 14:41:46 Info: suricata: time elapsed 0.091s
[62485 - RX#01] 2025-07-31 14:41:46 Notice: pcap: read 1 file, 26922 packets, 20851149 bytes
[62348 - Suricata-Main] 2025-07-31 14:41:46 Info: counters: Alerts: 127
