#separator \x09
#set_separator	,
#empty_field	(empty)
#unset_field	-
#path	ocsp
#open	2025-08-01-14-24-47
#fields	ts	id	hashAlgorithm	issuerNameHash	issuerKeyHash	serialNumber	certStatus	revoketime	revokereason	thisUpdate	nextUpdate
#types	time	string	string	string	string	string	string	time	string	time	time
1723680587.299129	Fxj83W2N7rgJjWM18i	sha1	B34FFCEAC1CA8DBE13FD8B8738B023F3D896F3AC	FE09714055051044D8A48175B89E1AE94A0688C8	330086388BAACA9DA83ACD862300000086388B	good	-	-	1723414333.000000	1724106733.000000
1723680610.751244	FKXIe010pMp34KAfv4	sha1	E475019DC323E226741D6C40390795F90596462E	3B70D153E976259D60A8CA660FC69BAE6F54166A	3300675AF0CB47E46B1129F6B9000000675AF0	good	-	-	1723587171.000000	1724279571.000000
1723680613.404590	FWsJP81ShtFd1Uv7Ri	sha1	B34FFCEAC1CA8DBE13FD8B8738B023F3D896F3AC	FE09714055051044D8A48175B89E1AE94A0688C8	330086388BAACA9DA83ACD862300000086388B	good	-	-	1723414333.000000	1724106733.000000
1723680614.046963	Fuk7jf45w01WJRsgxl	sha1	7624DB6BD09C44BD8C92A5BC8159AA8199E6A50A	CE15163BEA02A3A66BDAD92BFDE58C52BE7A50A8	33005BA13D05D54D0827C5FDC50000005BA13D	good	-	-	1723583414.000000	1724275814.000000
1723680619.193072	Fq2eaB3mes5OTBfh11	sha1	B34FFCEAC1CA8DBE13FD8B8738B023F3D896F3AC	FE09714055051044D8A48175B89E1AE94A0688C8	33007B79C3DB73724D7C38F6420000007B79C3	good	-	-	1723414333.000000	1724106733.000000
1723680619.656568	F5lUZq2FczDwhiMJob	sha1	B34FFCEAC1CA8DBE13FD8B8738B023F3D896F3AC	FE09714055051044D8A48175B89E1AE94A0688C8	33007B79C3DB73724D7C38F6420000007B79C3	good	-	-	1723414333.000000	1724106733.000000
1723680622.538028	FZvecbnVPnPzxjgY5	sha1	E475019DC323E226741D6C40390795F90596462E	3B70D153E976259D60A8CA660FC69BAE6F54166A	330033AA11477CE3B3656C5FB300000033AA11	good	-	-	1723587171.000000	1724279571.000000
1723680622.544079	F7b8sy1xi0jSMgDFQl	sha1	7624DB6BD09C44BD8C92A5BC8159AA8199E6A50A	CE15163BEA02A3A66BDAD92BFDE58C52BE7A50A8	33005BA13D05D54D0827C5FDC50000005BA13D	good	-	-	1723583414.000000	1724275814.000000
1723680623.184055	F8dNpw4osH1makQgtb	sha1	7624DB6BD09C44BD8C92A5BC8159AA8199E6A50A	CE15163BEA02A3A66BDAD92BFDE58C52BE7A50A8	33003435152F23E2477DC0CD90000000343515	good	-	-	1723612214.000000	1724304614.000000
1723680647.960508	FTdK8xWfbfKNOp2Pa	sha1	E475019DC323E226741D6C40390795F90596462E	3B70D153E976259D60A8CA660FC69BAE6F54166A	3300502432632DDA01121C9952000000502432	good	-	-	1723587171.000000	1724279571.000000
1723680681.156688	F6b7DQCx4fs5eWup8	sha1	B34FFCEAC1CA8DBE13FD8B8738B023F3D896F3AC	FE09714055051044D8A48175B89E1AE94A0688C8	33007B79C3DB73724D7C38F6420000007B79C3	good	-	-	1723414333.000000	1724106733.000000
1723680681.874485	Fc4Dva26RO8sc0x7Li	sha1	B34FFCEAC1CA8DBE13FD8B8738B023F3D896F3AC	FE09714055051044D8A48175B89E1AE94A0688C8	33007B79C3DB73724D7C38F6420000007B79C3	good	-	-	1723327933.000000	1724020333.000000
1723680801.034387	FT0gmo2ZthczrgKO9l	sha1	E475019DC323E226741D6C40390795F90596462E	3B70D153E976259D60A8CA660FC69BAE6F54166A	3300675AF0CB47E46B1129F6B9000000675AF0	good	-	-	1723399972.000000	1724092372.000000
1723680895.944833	Fzij3Q38fa4cYGVUDf	sha1	B34FFCEAC1CA8DBE13FD8B8738B023F3D896F3AC	FE09714055051044D8A48175B89E1AE94A0688C8	33007B79C3DB73724D7C38F6420000007B79C3	good	-	-	1723414333.000000	1724106733.000000
1723680909.435534	Fo7qux8GsjnAtsWg3	sha1	B34FFCEAC1CA8DBE13FD8B8738B023F3D896F3AC	FE09714055051044D8A48175B89E1AE94A0688C8	3300862C7CCBDD63414AB4ECE7000000862C7C	good	-	-	1723414333.000000	1724106733.000000
1723681154.641252	FNlgaK3cZscpKjdHM2	sha1	E475019DC323E226741D6C40390795F90596462E	3B70D153E976259D60A8CA660FC69BAE6F54166A	330033AA11477CE3B3656C5FB300000033AA11	good	-	-	1723414372.000000	1724106772.000000
1723681155.027660	FlBoAS324EbT4FVbaa	sha1	7624DB6BD09C44BD8C92A5BC8159AA8199E6A50A	CE15163BEA02A3A66BDAD92BFDE58C52BE7A50A8	33003435152F23E2477DC0CD90000000343515	good	-	-	1723151414.000000	1723843814.000000
1723681289.713736	FFZA563M0HWfnSlTAg	sha1	7624DB6BD09C44BD8C92A5BC8159AA8199E6A50A	CE15163BEA02A3A66BDAD92BFDE58C52BE7A50A8	33002C00FAA7F37C1D184C9CAB0000002C00FA	good	-	-	1723324214.000000	1724016614.000000
1723681330.112137	FhQkf9234ZiyrxZCBi	sha1	E4E395A229D3D4C1C31FF0980C0B4EC0098AABD8	B76BA2EAA8AA848C79EAB4DA0F98B2C59576B9F4	0930956A6BDAA4C8A4A2D2D0F68E83D6	good	-	-	1723503062.000000	1724104262.000000
1723681512.352091	FU2c9n462TYTuDMthe	sha1	B34FFCEAC1CA8DBE13FD8B8738B023F3D896F3AC	FE09714055051044D8A48175B89E1AE94A0688C8	33006A4A629025338E234623FD0000006A4A62	good	-	-	1723414333.000000	1724106733.000000
1723681512.352905	FD1xr42i7xwyXlaWgh	sha1	B34FFCEAC1CA8DBE13FD8B8738B023F3D896F3AC	FE09714055051044D8A48175B89E1AE94A0688C8	33006A4A629025338E234623FD0000006A4A62	good	-	-	1723155132.000000	1723847532.000000
1723681517.732893	FOOJHg3HqvKTdWEvs2	sha1	7624DB6BD09C44BD8C92A5BC8159AA8199E6A50A	CE15163BEA02A3A66BDAD92BFDE58C52BE7A50A8	33003E73E969C9A01684AA55030000003E73E9	good	-	-	1723410614.000000	1724103014.000000
1723681540.896274	FzRi2k3KcxJpWtPUwk	sha1	E475019DC323E226741D6C40390795F90596462E	3B70D153E976259D60A8CA660FC69BAE6F54166A	3300675AF0CB47E46B1129F6B9000000675AF0	good	-	-	1723155172.000000	1723847572.000000
#close	2025-08-01-14-24-47
