[10769 - Suricata-Main] 2025-08-01 14:24:21 Notice: suricata: This is Suricata version 7.0.10 RELEASE running in USER mode
[10769 - Suricata-Main] 2025-08-01 14:24:21 Info: cpu: CPUs/cores online: 4
[10769 - Suricata-Main] 2025-08-01 14:24:21 Info: suricata: Setting engine mode to IDS mode by default
[10769 - Suricata-Main] 2025-08-01 14:24:21 Info: exception-policy: master exception-policy set to: auto
[10769 - Suricata-Main] 2025-08-01 14:24:21 Info: logopenfile: fast output device (regular) initialized: fast.log
[10769 - Suricata-Main] 2025-08-01 14:24:21 Info: logopenfile: eve-log output device (regular) initialized: eve.json
[10769 - Suricata-Main] 2025-08-01 14:24:21 Info: logopenfile: http-log output device (regular) initialized: http.log
[10769 - Suricata-Main] 2025-08-01 14:24:21 Info: logopenfile: stats output device (regular) initialized: stats.log
[10769 - Suricata-Main] 2025-08-01 14:24:21 Info: output-filestore: Filestore (v2) creating directory ./filestore
[10769 - Suricata-Main] 2025-08-01 14:24:21 Info: output-filestore: Filestore (v2) creating directory ./filestore/00
[10769 - Suricata-Main] 2025-08-01 14:24:21 Info: output-filestore: Filestore (v2) creating directory ./filestore/01
[10769 - Suricata-Main] 2025-08-01 14:24:21 Info: output-filestore: Filestore (v2) creating directory ./filestore/02
[10769 - Suricata-Main] 2025-08-01 14:24:21 Info: output-filestore: Filestore (v2) creating directory ./filestore/03
[10769 - Suricata-Main] 2025-08-01 14:24:21 Info: output-filestore: Filestore (v2) creating directory ./filestore/04
[10769 - Suricata-Main] 2025-08-01 14:24:21 Info: output-filestore: Filestore (v2) creating directory ./filestore/05
[10769 - Suricata-Main] 2025-08-01 14:24:21 Info: output-filestore: Filestore (v2) creating directory ./filestore/06
[10769 - Suricata-Main] 2025-08-01 14:24:21 Info: output-filestore: Filestore (v2) creating directory ./filestore/07
[10769 - Suricata-Main] 2025-08-01 14:24:21 Info: output-filestore: Filestore (v2) creating directory ./filestore/08
[10769 - Suricata-Main] 2025-08-01 14:24:21 Info: output-filestore: Filestore (v2) creating directory ./filestore/09
[10769 - Suricata-Main] 2025-08-01 14:24:21 Info: output-filestore: Filestore (v2) creating directory ./filestore/0a
[10769 - Suricata-Main] 2025-08-01 14:24:21 Info: output-filestore: Filestore (v2) creating directory ./filestore/0b
[10769 - Suricata-Main] 2025-08-01 14:24:21 Info: output-filestore: Filestore (v2) creating directory ./filestore/0c
[10769 - Suricata-Main] 2025-08-01 14:24:21 Info: output-filestore: Filestore (v2) creating directory ./filestore/0d
[10769 - Suricata-Main] 2025-08-01 14:24:21 Info: output-filestore: Filestore (v2) creating directory ./filestore/0e
[10769 - Suricata-Main] 2025-08-01 14:24:21 Info: output-filestore: Filestore (v2) creating directory ./filestore/0f
[10769 - Suricata-Main] 2025-08-01 14:24:21 Info: output-filestore: Filestore (v2) creating directory ./filestore/10
[10769 - Suricata-Main] 2025-08-01 14:24:21 Info: output-filestore: Filestore (v2) creating directory ./filestore/11
[10769 - Suricata-Main] 2025-08-01 14:24:21 Info: output-filestore: Filestore (v2) creating directory ./filestore/12
[10769 - Suricata-Main] 2025-08-01 14:24:21 Info: output-filestore: Filestore (v2) creating directory ./filestore/13
[10769 - Suricata-Main] 2025-08-01 14:24:21 Info: output-filestore: Filestore (v2) creating directory ./filestore/14
[10769 - Suricata-Main] 2025-08-01 14:24:21 Info: output-filestore: Filestore (v2) creating directory ./filestore/15
[10769 - Suricata-Main] 2025-08-01 14:24:21 Info: output-filestore: Filestore (v2) creating directory ./filestore/16
[10769 - Suricata-Main] 2025-08-01 14:24:21 Info: output-filestore: Filestore (v2) creating directory ./filestore/17
[10769 - Suricata-Main] 2025-08-01 14:24:21 Info: output-filestore: Filestore (v2) creating directory ./filestore/18
[10769 - Suricata-Main] 2025-08-01 14:24:21 Info: output-filestore: Filestore (v2) creating directory ./filestore/19
[10769 - Suricata-Main] 2025-08-01 14:24:21 Info: output-filestore: Filestore (v2) creating directory ./filestore/1a
[10769 - Suricata-Main] 2025-08-01 14:24:21 Info: output-filestore: Filestore (v2) creating directory ./filestore/1b
[10769 - Suricata-Main] 2025-08-01 14:24:21 Info: output-filestore: Filestore (v2) creating directory ./filestore/1c
[10769 - Suricata-Main] 2025-08-01 14:24:21 Info: output-filestore: Filestore (v2) creating directory ./filestore/1d
[10769 - Suricata-Main] 2025-08-01 14:24:21 Info: output-filestore: Filestore (v2) creating directory ./filestore/1e
[10769 - Suricata-Main] 2025-08-01 14:24:21 Info: output-filestore: Filestore (v2) creating directory ./filestore/1f
[10769 - Suricata-Main] 2025-08-01 14:24:21 Info: output-filestore: Filestore (v2) creating directory ./filestore/20
[10769 - Suricata-Main] 2025-08-01 14:24:21 Info: output-filestore: Filestore (v2) creating directory ./filestore/21
[10769 - Suricata-Main] 2025-08-01 14:24:21 Info: output-filestore: Filestore (v2) creating directory ./filestore/22
[10769 - Suricata-Main] 2025-08-01 14:24:21 Info: output-filestore: Filestore (v2) creating directory ./filestore/23
[10769 - Suricata-Main] 2025-08-01 14:24:21 Info: output-filestore: Filestore (v2) creating directory ./filestore/24
[10769 - Suricata-Main] 2025-08-01 14:24:21 Info: output-filestore: Filestore (v2) creating directory ./filestore/25
[10769 - Suricata-Main] 2025-08-01 14:24:21 Info: output-filestore: Filestore (v2) creating directory ./filestore/26
[10769 - Suricata-Main] 2025-08-01 14:24:21 Info: output-filestore: Filestore (v2) creating directory ./filestore/27
[10769 - Suricata-Main] 2025-08-01 14:24:21 Info: output-filestore: Filestore (v2) creating directory ./filestore/28
[10769 - Suricata-Main] 2025-08-01 14:24:21 Info: output-filestore: Filestore (v2) creating directory ./filestore/29
[10769 - Suricata-Main] 2025-08-01 14:24:21 Info: output-filestore: Filestore (v2) creating directory ./filestore/2a
[10769 - Suricata-Main] 2025-08-01 14:24:21 Info: output-filestore: Filestore (v2) creating directory ./filestore/2b
[10769 - Suricata-Main] 2025-08-01 14:24:21 Info: output-filestore: Filestore (v2) creating directory ./filestore/2c
[10769 - Suricata-Main] 2025-08-01 14:24:21 Info: output-filestore: Filestore (v2) creating directory ./filestore/2d
[10769 - Suricata-Main] 2025-08-01 14:24:21 Info: output-filestore: Filestore (v2) creating directory ./filestore/2e
[10769 - Suricata-Main] 2025-08-01 14:24:21 Info: output-filestore: Filestore (v2) creating directory ./filestore/2f
[10769 - Suricata-Main] 2025-08-01 14:24:21 Info: output-filestore: Filestore (v2) creating directory ./filestore/30
[10769 - Suricata-Main] 2025-08-01 14:24:21 Info: output-filestore: Filestore (v2) creating directory ./filestore/31
[10769 - Suricata-Main] 2025-08-01 14:24:21 Info: output-filestore: Filestore (v2) creating directory ./filestore/32
[10769 - Suricata-Main] 2025-08-01 14:24:21 Info: output-filestore: Filestore (v2) creating directory ./filestore/33
[10769 - Suricata-Main] 2025-08-01 14:24:21 Info: output-filestore: Filestore (v2) creating directory ./filestore/34
[10769 - Suricata-Main] 2025-08-01 14:24:21 Info: output-filestore: Filestore (v2) creating directory ./filestore/35
[10769 - Suricata-Main] 2025-08-01 14:24:21 Info: output-filestore: Filestore (v2) creating directory ./filestore/36
[10769 - Suricata-Main] 2025-08-01 14:24:21 Info: output-filestore: Filestore (v2) creating directory ./filestore/37
[10769 - Suricata-Main] 2025-08-01 14:24:21 Info: output-filestore: Filestore (v2) creating directory ./filestore/38
[10769 - Suricata-Main] 2025-08-01 14:24:21 Info: output-filestore: Filestore (v2) creating directory ./filestore/39
[10769 - Suricata-Main] 2025-08-01 14:24:21 Info: output-filestore: Filestore (v2) creating directory ./filestore/3a
[10769 - Suricata-Main] 2025-08-01 14:24:21 Info: output-filestore: Filestore (v2) creating directory ./filestore/3b
[10769 - Suricata-Main] 2025-08-01 14:24:21 Info: output-filestore: Filestore (v2) creating directory ./filestore/3c
[10769 - Suricata-Main] 2025-08-01 14:24:21 Info: output-filestore: Filestore (v2) creating directory ./filestore/3d
[10769 - Suricata-Main] 2025-08-01 14:24:21 Info: output-filestore: Filestore (v2) creating directory ./filestore/3e
[10769 - Suricata-Main] 2025-08-01 14:24:21 Info: output-filestore: Filestore (v2) creating directory ./filestore/3f
[10769 - Suricata-Main] 2025-08-01 14:24:21 Info: output-filestore: Filestore (v2) creating directory ./filestore/40
[10769 - Suricata-Main] 2025-08-01 14:24:21 Info: output-filestore: Filestore (v2) creating directory ./filestore/41
[10769 - Suricata-Main] 2025-08-01 14:24:21 Info: output-filestore: Filestore (v2) creating directory ./filestore/42
[10769 - Suricata-Main] 2025-08-01 14:24:21 Info: output-filestore: Filestore (v2) creating directory ./filestore/43
[10769 - Suricata-Main] 2025-08-01 14:24:21 Info: output-filestore: Filestore (v2) creating directory ./filestore/44
[10769 - Suricata-Main] 2025-08-01 14:24:21 Info: output-filestore: Filestore (v2) creating directory ./filestore/45
[10769 - Suricata-Main] 2025-08-01 14:24:21 Info: output-filestore: Filestore (v2) creating directory ./filestore/46
[10769 - Suricata-Main] 2025-08-01 14:24:21 Info: output-filestore: Filestore (v2) creating directory ./filestore/47
[10769 - Suricata-Main] 2025-08-01 14:24:21 Info: output-filestore: Filestore (v2) creating directory ./filestore/48
[10769 - Suricata-Main] 2025-08-01 14:24:21 Info: output-filestore: Filestore (v2) creating directory ./filestore/49
[10769 - Suricata-Main] 2025-08-01 14:24:21 Info: output-filestore: Filestore (v2) creating directory ./filestore/4a
[10769 - Suricata-Main] 2025-08-01 14:24:21 Info: output-filestore: Filestore (v2) creating directory ./filestore/4b
[10769 - Suricata-Main] 2025-08-01 14:24:21 Info: output-filestore: Filestore (v2) creating directory ./filestore/4c
[10769 - Suricata-Main] 2025-08-01 14:24:21 Info: output-filestore: Filestore (v2) creating directory ./filestore/4d
[10769 - Suricata-Main] 2025-08-01 14:24:21 Info: output-filestore: Filestore (v2) creating directory ./filestore/4e
[10769 - Suricata-Main] 2025-08-01 14:24:21 Info: output-filestore: Filestore (v2) creating directory ./filestore/4f
[10769 - Suricata-Main] 2025-08-01 14:24:21 Info: output-filestore: Filestore (v2) creating directory ./filestore/50
[10769 - Suricata-Main] 2025-08-01 14:24:21 Info: output-filestore: Filestore (v2) creating directory ./filestore/51
[10769 - Suricata-Main] 2025-08-01 14:24:21 Info: output-filestore: Filestore (v2) creating directory ./filestore/52
[10769 - Suricata-Main] 2025-08-01 14:24:21 Info: output-filestore: Filestore (v2) creating directory ./filestore/53
[10769 - Suricata-Main] 2025-08-01 14:24:21 Info: output-filestore: Filestore (v2) creating directory ./filestore/54
[10769 - Suricata-Main] 2025-08-01 14:24:21 Info: output-filestore: Filestore (v2) creating directory ./filestore/55
[10769 - Suricata-Main] 2025-08-01 14:24:21 Info: output-filestore: Filestore (v2) creating directory ./filestore/56
[10769 - Suricata-Main] 2025-08-01 14:24:21 Info: output-filestore: Filestore (v2) creating directory ./filestore/57
[10769 - Suricata-Main] 2025-08-01 14:24:21 Info: output-filestore: Filestore (v2) creating directory ./filestore/58
[10769 - Suricata-Main] 2025-08-01 14:24:21 Info: output-filestore: Filestore (v2) creating directory ./filestore/59
[10769 - Suricata-Main] 2025-08-01 14:24:21 Info: output-filestore: Filestore (v2) creating directory ./filestore/5a
[10769 - Suricata-Main] 2025-08-01 14:24:21 Info: output-filestore: Filestore (v2) creating directory ./filestore/5b
[10769 - Suricata-Main] 2025-08-01 14:24:21 Info: output-filestore: Filestore (v2) creating directory ./filestore/5c
[10769 - Suricata-Main] 2025-08-01 14:24:21 Info: output-filestore: Filestore (v2) creating directory ./filestore/5d
[10769 - Suricata-Main] 2025-08-01 14:24:21 Info: output-filestore: Filestore (v2) creating directory ./filestore/5e
[10769 - Suricata-Main] 2025-08-01 14:24:21 Info: output-filestore: Filestore (v2) creating directory ./filestore/5f
[10769 - Suricata-Main] 2025-08-01 14:24:21 Info: output-filestore: Filestore (v2) creating directory ./filestore/60
[10769 - Suricata-Main] 2025-08-01 14:24:21 Info: output-filestore: Filestore (v2) creating directory ./filestore/61
[10769 - Suricata-Main] 2025-08-01 14:24:21 Info: output-filestore: Filestore (v2) creating directory ./filestore/62
[10769 - Suricata-Main] 2025-08-01 14:24:21 Info: output-filestore: Filestore (v2) creating directory ./filestore/63
[10769 - Suricata-Main] 2025-08-01 14:24:21 Info: output-filestore: Filestore (v2) creating directory ./filestore/64
[10769 - Suricata-Main] 2025-08-01 14:24:21 Info: output-filestore: Filestore (v2) creating directory ./filestore/65
[10769 - Suricata-Main] 2025-08-01 14:24:21 Info: output-filestore: Filestore (v2) creating directory ./filestore/66
[10769 - Suricata-Main] 2025-08-01 14:24:21 Info: output-filestore: Filestore (v2) creating directory ./filestore/67
[10769 - Suricata-Main] 2025-08-01 14:24:21 Info: output-filestore: Filestore (v2) creating directory ./filestore/68
[10769 - Suricata-Main] 2025-08-01 14:24:21 Info: output-filestore: Filestore (v2) creating directory ./filestore/69
[10769 - Suricata-Main] 2025-08-01 14:24:21 Info: output-filestore: Filestore (v2) creating directory ./filestore/6a
[10769 - Suricata-Main] 2025-08-01 14:24:21 Info: output-filestore: Filestore (v2) creating directory ./filestore/6b
[10769 - Suricata-Main] 2025-08-01 14:24:21 Info: output-filestore: Filestore (v2) creating directory ./filestore/6c
[10769 - Suricata-Main] 2025-08-01 14:24:21 Info: output-filestore: Filestore (v2) creating directory ./filestore/6d
[10769 - Suricata-Main] 2025-08-01 14:24:21 Info: output-filestore: Filestore (v2) creating directory ./filestore/6e
[10769 - Suricata-Main] 2025-08-01 14:24:21 Info: output-filestore: Filestore (v2) creating directory ./filestore/6f
[10769 - Suricata-Main] 2025-08-01 14:24:21 Info: output-filestore: Filestore (v2) creating directory ./filestore/70
[10769 - Suricata-Main] 2025-08-01 14:24:21 Info: output-filestore: Filestore (v2) creating directory ./filestore/71
[10769 - Suricata-Main] 2025-08-01 14:24:21 Info: output-filestore: Filestore (v2) creating directory ./filestore/72
[10769 - Suricata-Main] 2025-08-01 14:24:21 Info: output-filestore: Filestore (v2) creating directory ./filestore/73
[10769 - Suricata-Main] 2025-08-01 14:24:21 Info: output-filestore: Filestore (v2) creating directory ./filestore/74
[10769 - Suricata-Main] 2025-08-01 14:24:21 Info: output-filestore: Filestore (v2) creating directory ./filestore/75
[10769 - Suricata-Main] 2025-08-01 14:24:21 Info: output-filestore: Filestore (v2) creating directory ./filestore/76
[10769 - Suricata-Main] 2025-08-01 14:24:21 Info: output-filestore: Filestore (v2) creating directory ./filestore/77
[10769 - Suricata-Main] 2025-08-01 14:24:21 Info: output-filestore: Filestore (v2) creating directory ./filestore/78
[10769 - Suricata-Main] 2025-08-01 14:24:21 Info: output-filestore: Filestore (v2) creating directory ./filestore/79
[10769 - Suricata-Main] 2025-08-01 14:24:21 Info: output-filestore: Filestore (v2) creating directory ./filestore/7a
[10769 - Suricata-Main] 2025-08-01 14:24:21 Info: output-filestore: Filestore (v2) creating directory ./filestore/7b
[10769 - Suricata-Main] 2025-08-01 14:24:21 Info: output-filestore: Filestore (v2) creating directory ./filestore/7c
[10769 - Suricata-Main] 2025-08-01 14:24:21 Info: output-filestore: Filestore (v2) creating directory ./filestore/7d
[10769 - Suricata-Main] 2025-08-01 14:24:21 Info: output-filestore: Filestore (v2) creating directory ./filestore/7e
[10769 - Suricata-Main] 2025-08-01 14:24:21 Info: output-filestore: Filestore (v2) creating directory ./filestore/7f
[10769 - Suricata-Main] 2025-08-01 14:24:21 Info: output-filestore: Filestore (v2) creating directory ./filestore/80
[10769 - Suricata-Main] 2025-08-01 14:24:21 Info: output-filestore: Filestore (v2) creating directory ./filestore/81
[10769 - Suricata-Main] 2025-08-01 14:24:21 Info: output-filestore: Filestore (v2) creating directory ./filestore/82
[10769 - Suricata-Main] 2025-08-01 14:24:21 Info: output-filestore: Filestore (v2) creating directory ./filestore/83
[10769 - Suricata-Main] 2025-08-01 14:24:21 Info: output-filestore: Filestore (v2) creating directory ./filestore/84
[10769 - Suricata-Main] 2025-08-01 14:24:21 Info: output-filestore: Filestore (v2) creating directory ./filestore/85
[10769 - Suricata-Main] 2025-08-01 14:24:21 Info: output-filestore: Filestore (v2) creating directory ./filestore/86
[10769 - Suricata-Main] 2025-08-01 14:24:21 Info: output-filestore: Filestore (v2) creating directory ./filestore/87
[10769 - Suricata-Main] 2025-08-01 14:24:21 Info: output-filestore: Filestore (v2) creating directory ./filestore/88
[10769 - Suricata-Main] 2025-08-01 14:24:21 Info: output-filestore: Filestore (v2) creating directory ./filestore/89
[10769 - Suricata-Main] 2025-08-01 14:24:21 Info: output-filestore: Filestore (v2) creating directory ./filestore/8a
[10769 - Suricata-Main] 2025-08-01 14:24:21 Info: output-filestore: Filestore (v2) creating directory ./filestore/8b
[10769 - Suricata-Main] 2025-08-01 14:24:21 Info: output-filestore: Filestore (v2) creating directory ./filestore/8c
[10769 - Suricata-Main] 2025-08-01 14:24:21 Info: output-filestore: Filestore (v2) creating directory ./filestore/8d
[10769 - Suricata-Main] 2025-08-01 14:24:21 Info: output-filestore: Filestore (v2) creating directory ./filestore/8e
[10769 - Suricata-Main] 2025-08-01 14:24:21 Info: output-filestore: Filestore (v2) creating directory ./filestore/8f
[10769 - Suricata-Main] 2025-08-01 14:24:21 Info: output-filestore: Filestore (v2) creating directory ./filestore/90
[10769 - Suricata-Main] 2025-08-01 14:24:21 Info: output-filestore: Filestore (v2) creating directory ./filestore/91
[10769 - Suricata-Main] 2025-08-01 14:24:21 Info: output-filestore: Filestore (v2) creating directory ./filestore/92
[10769 - Suricata-Main] 2025-08-01 14:24:21 Info: output-filestore: Filestore (v2) creating directory ./filestore/93
[10769 - Suricata-Main] 2025-08-01 14:24:21 Info: output-filestore: Filestore (v2) creating directory ./filestore/94
[10769 - Suricata-Main] 2025-08-01 14:24:21 Info: output-filestore: Filestore (v2) creating directory ./filestore/95
[10769 - Suricata-Main] 2025-08-01 14:24:21 Info: output-filestore: Filestore (v2) creating directory ./filestore/96
[10769 - Suricata-Main] 2025-08-01 14:24:21 Info: output-filestore: Filestore (v2) creating directory ./filestore/97
[10769 - Suricata-Main] 2025-08-01 14:24:21 Info: output-filestore: Filestore (v2) creating directory ./filestore/98
[10769 - Suricata-Main] 2025-08-01 14:24:21 Info: output-filestore: Filestore (v2) creating directory ./filestore/99
[10769 - Suricata-Main] 2025-08-01 14:24:21 Info: output-filestore: Filestore (v2) creating directory ./filestore/9a
[10769 - Suricata-Main] 2025-08-01 14:24:21 Info: output-filestore: Filestore (v2) creating directory ./filestore/9b
[10769 - Suricata-Main] 2025-08-01 14:24:21 Info: output-filestore: Filestore (v2) creating directory ./filestore/9c
[10769 - Suricata-Main] 2025-08-01 14:24:21 Info: output-filestore: Filestore (v2) creating directory ./filestore/9d
[10769 - Suricata-Main] 2025-08-01 14:24:21 Info: output-filestore: Filestore (v2) creating directory ./filestore/9e
[10769 - Suricata-Main] 2025-08-01 14:24:21 Info: output-filestore: Filestore (v2) creating directory ./filestore/9f
[10769 - Suricata-Main] 2025-08-01 14:24:21 Info: output-filestore: Filestore (v2) creating directory ./filestore/a0
[10769 - Suricata-Main] 2025-08-01 14:24:21 Info: output-filestore: Filestore (v2) creating directory ./filestore/a1
[10769 - Suricata-Main] 2025-08-01 14:24:21 Info: output-filestore: Filestore (v2) creating directory ./filestore/a2
[10769 - Suricata-Main] 2025-08-01 14:24:21 Info: output-filestore: Filestore (v2) creating directory ./filestore/a3
[10769 - Suricata-Main] 2025-08-01 14:24:21 Info: output-filestore: Filestore (v2) creating directory ./filestore/a4
[10769 - Suricata-Main] 2025-08-01 14:24:21 Info: output-filestore: Filestore (v2) creating directory ./filestore/a5
[10769 - Suricata-Main] 2025-08-01 14:24:21 Info: output-filestore: Filestore (v2) creating directory ./filestore/a6
[10769 - Suricata-Main] 2025-08-01 14:24:21 Info: output-filestore: Filestore (v2) creating directory ./filestore/a7
[10769 - Suricata-Main] 2025-08-01 14:24:21 Info: output-filestore: Filestore (v2) creating directory ./filestore/a8
[10769 - Suricata-Main] 2025-08-01 14:24:21 Info: output-filestore: Filestore (v2) creating directory ./filestore/a9
[10769 - Suricata-Main] 2025-08-01 14:24:21 Info: output-filestore: Filestore (v2) creating directory ./filestore/aa
[10769 - Suricata-Main] 2025-08-01 14:24:21 Info: output-filestore: Filestore (v2) creating directory ./filestore/ab
[10769 - Suricata-Main] 2025-08-01 14:24:21 Info: output-filestore: Filestore (v2) creating directory ./filestore/ac
[10769 - Suricata-Main] 2025-08-01 14:24:21 Info: output-filestore: Filestore (v2) creating directory ./filestore/ad
[10769 - Suricata-Main] 2025-08-01 14:24:21 Info: output-filestore: Filestore (v2) creating directory ./filestore/ae
[10769 - Suricata-Main] 2025-08-01 14:24:21 Info: output-filestore: Filestore (v2) creating directory ./filestore/af
[10769 - Suricata-Main] 2025-08-01 14:24:21 Info: output-filestore: Filestore (v2) creating directory ./filestore/b0
[10769 - Suricata-Main] 2025-08-01 14:24:21 Info: output-filestore: Filestore (v2) creating directory ./filestore/b1
[10769 - Suricata-Main] 2025-08-01 14:24:21 Info: output-filestore: Filestore (v2) creating directory ./filestore/b2
[10769 - Suricata-Main] 2025-08-01 14:24:21 Info: output-filestore: Filestore (v2) creating directory ./filestore/b3
[10769 - Suricata-Main] 2025-08-01 14:24:21 Info: output-filestore: Filestore (v2) creating directory ./filestore/b4
[10769 - Suricata-Main] 2025-08-01 14:24:21 Info: output-filestore: Filestore (v2) creating directory ./filestore/b5
[10769 - Suricata-Main] 2025-08-01 14:24:21 Info: output-filestore: Filestore (v2) creating directory ./filestore/b6
[10769 - Suricata-Main] 2025-08-01 14:24:21 Info: output-filestore: Filestore (v2) creating directory ./filestore/b7
[10769 - Suricata-Main] 2025-08-01 14:24:21 Info: output-filestore: Filestore (v2) creating directory ./filestore/b8
[10769 - Suricata-Main] 2025-08-01 14:24:21 Info: output-filestore: Filestore (v2) creating directory ./filestore/b9
[10769 - Suricata-Main] 2025-08-01 14:24:21 Info: output-filestore: Filestore (v2) creating directory ./filestore/ba
[10769 - Suricata-Main] 2025-08-01 14:24:21 Info: output-filestore: Filestore (v2) creating directory ./filestore/bb
[10769 - Suricata-Main] 2025-08-01 14:24:21 Info: output-filestore: Filestore (v2) creating directory ./filestore/bc
[10769 - Suricata-Main] 2025-08-01 14:24:21 Info: output-filestore: Filestore (v2) creating directory ./filestore/bd
[10769 - Suricata-Main] 2025-08-01 14:24:21 Info: output-filestore: Filestore (v2) creating directory ./filestore/be
[10769 - Suricata-Main] 2025-08-01 14:24:21 Info: output-filestore: Filestore (v2) creating directory ./filestore/bf
[10769 - Suricata-Main] 2025-08-01 14:24:21 Info: output-filestore: Filestore (v2) creating directory ./filestore/c0
[10769 - Suricata-Main] 2025-08-01 14:24:21 Info: output-filestore: Filestore (v2) creating directory ./filestore/c1
[10769 - Suricata-Main] 2025-08-01 14:24:21 Info: output-filestore: Filestore (v2) creating directory ./filestore/c2
[10769 - Suricata-Main] 2025-08-01 14:24:21 Info: output-filestore: Filestore (v2) creating directory ./filestore/c3
[10769 - Suricata-Main] 2025-08-01 14:24:21 Info: output-filestore: Filestore (v2) creating directory ./filestore/c4
[10769 - Suricata-Main] 2025-08-01 14:24:21 Info: output-filestore: Filestore (v2) creating directory ./filestore/c5
[10769 - Suricata-Main] 2025-08-01 14:24:21 Info: output-filestore: Filestore (v2) creating directory ./filestore/c6
[10769 - Suricata-Main] 2025-08-01 14:24:21 Info: output-filestore: Filestore (v2) creating directory ./filestore/c7
[10769 - Suricata-Main] 2025-08-01 14:24:21 Info: output-filestore: Filestore (v2) creating directory ./filestore/c8
[10769 - Suricata-Main] 2025-08-01 14:24:21 Info: output-filestore: Filestore (v2) creating directory ./filestore/c9
[10769 - Suricata-Main] 2025-08-01 14:24:21 Info: output-filestore: Filestore (v2) creating directory ./filestore/ca
[10769 - Suricata-Main] 2025-08-01 14:24:21 Info: output-filestore: Filestore (v2) creating directory ./filestore/cb
[10769 - Suricata-Main] 2025-08-01 14:24:21 Info: output-filestore: Filestore (v2) creating directory ./filestore/cc
[10769 - Suricata-Main] 2025-08-01 14:24:21 Info: output-filestore: Filestore (v2) creating directory ./filestore/cd
[10769 - Suricata-Main] 2025-08-01 14:24:21 Info: output-filestore: Filestore (v2) creating directory ./filestore/ce
[10769 - Suricata-Main] 2025-08-01 14:24:21 Info: output-filestore: Filestore (v2) creating directory ./filestore/cf
[10769 - Suricata-Main] 2025-08-01 14:24:21 Info: output-filestore: Filestore (v2) creating directory ./filestore/d0
[10769 - Suricata-Main] 2025-08-01 14:24:21 Info: output-filestore: Filestore (v2) creating directory ./filestore/d1
[10769 - Suricata-Main] 2025-08-01 14:24:21 Info: output-filestore: Filestore (v2) creating directory ./filestore/d2
[10769 - Suricata-Main] 2025-08-01 14:24:21 Info: output-filestore: Filestore (v2) creating directory ./filestore/d3
[10769 - Suricata-Main] 2025-08-01 14:24:21 Info: output-filestore: Filestore (v2) creating directory ./filestore/d4
[10769 - Suricata-Main] 2025-08-01 14:24:21 Info: output-filestore: Filestore (v2) creating directory ./filestore/d5
[10769 - Suricata-Main] 2025-08-01 14:24:21 Info: output-filestore: Filestore (v2) creating directory ./filestore/d6
[10769 - Suricata-Main] 2025-08-01 14:24:21 Info: output-filestore: Filestore (v2) creating directory ./filestore/d7
[10769 - Suricata-Main] 2025-08-01 14:24:21 Info: output-filestore: Filestore (v2) creating directory ./filestore/d8
[10769 - Suricata-Main] 2025-08-01 14:24:21 Info: output-filestore: Filestore (v2) creating directory ./filestore/d9
[10769 - Suricata-Main] 2025-08-01 14:24:21 Info: output-filestore: Filestore (v2) creating directory ./filestore/da
[10769 - Suricata-Main] 2025-08-01 14:24:21 Info: output-filestore: Filestore (v2) creating directory ./filestore/db
[10769 - Suricata-Main] 2025-08-01 14:24:21 Info: output-filestore: Filestore (v2) creating directory ./filestore/dc
[10769 - Suricata-Main] 2025-08-01 14:24:21 Info: output-filestore: Filestore (v2) creating directory ./filestore/dd
[10769 - Suricata-Main] 2025-08-01 14:24:21 Info: output-filestore: Filestore (v2) creating directory ./filestore/de
[10769 - Suricata-Main] 2025-08-01 14:24:21 Info: output-filestore: Filestore (v2) creating directory ./filestore/df
[10769 - Suricata-Main] 2025-08-01 14:24:21 Info: output-filestore: Filestore (v2) creating directory ./filestore/e0
[10769 - Suricata-Main] 2025-08-01 14:24:21 Info: output-filestore: Filestore (v2) creating directory ./filestore/e1
[10769 - Suricata-Main] 2025-08-01 14:24:21 Info: output-filestore: Filestore (v2) creating directory ./filestore/e2
[10769 - Suricata-Main] 2025-08-01 14:24:21 Info: output-filestore: Filestore (v2) creating directory ./filestore/e3
[10769 - Suricata-Main] 2025-08-01 14:24:21 Info: output-filestore: Filestore (v2) creating directory ./filestore/e4
[10769 - Suricata-Main] 2025-08-01 14:24:21 Info: output-filestore: Filestore (v2) creating directory ./filestore/e5
[10769 - Suricata-Main] 2025-08-01 14:24:21 Info: output-filestore: Filestore (v2) creating directory ./filestore/e6
[10769 - Suricata-Main] 2025-08-01 14:24:21 Info: output-filestore: Filestore (v2) creating directory ./filestore/e7
[10769 - Suricata-Main] 2025-08-01 14:24:21 Info: output-filestore: Filestore (v2) creating directory ./filestore/e8
[10769 - Suricata-Main] 2025-08-01 14:24:21 Info: output-filestore: Filestore (v2) creating directory ./filestore/e9
[10769 - Suricata-Main] 2025-08-01 14:24:21 Info: output-filestore: Filestore (v2) creating directory ./filestore/ea
[10769 - Suricata-Main] 2025-08-01 14:24:21 Info: output-filestore: Filestore (v2) creating directory ./filestore/eb
[10769 - Suricata-Main] 2025-08-01 14:24:21 Info: output-filestore: Filestore (v2) creating directory ./filestore/ec
[10769 - Suricata-Main] 2025-08-01 14:24:21 Info: output-filestore: Filestore (v2) creating directory ./filestore/ed
[10769 - Suricata-Main] 2025-08-01 14:24:21 Info: output-filestore: Filestore (v2) creating directory ./filestore/ee
[10769 - Suricata-Main] 2025-08-01 14:24:21 Info: output-filestore: Filestore (v2) creating directory ./filestore/ef
[10769 - Suricata-Main] 2025-08-01 14:24:21 Info: output-filestore: Filestore (v2) creating directory ./filestore/f0
[10769 - Suricata-Main] 2025-08-01 14:24:21 Info: output-filestore: Filestore (v2) creating directory ./filestore/f1
[10769 - Suricata-Main] 2025-08-01 14:24:21 Info: output-filestore: Filestore (v2) creating directory ./filestore/f2
[10769 - Suricata-Main] 2025-08-01 14:24:21 Info: output-filestore: Filestore (v2) creating directory ./filestore/f3
[10769 - Suricata-Main] 2025-08-01 14:24:21 Info: output-filestore: Filestore (v2) creating directory ./filestore/f4
[10769 - Suricata-Main] 2025-08-01 14:24:21 Info: output-filestore: Filestore (v2) creating directory ./filestore/f5
[10769 - Suricata-Main] 2025-08-01 14:24:21 Info: output-filestore: Filestore (v2) creating directory ./filestore/f6
[10769 - Suricata-Main] 2025-08-01 14:24:21 Info: output-filestore: Filestore (v2) creating directory ./filestore/f7
[10769 - Suricata-Main] 2025-08-01 14:24:21 Info: output-filestore: Filestore (v2) creating directory ./filestore/f8
[10769 - Suricata-Main] 2025-08-01 14:24:21 Info: output-filestore: Filestore (v2) creating directory ./filestore/f9
[10769 - Suricata-Main] 2025-08-01 14:24:21 Info: output-filestore: Filestore (v2) creating directory ./filestore/fa
[10769 - Suricata-Main] 2025-08-01 14:24:21 Info: output-filestore: Filestore (v2) creating directory ./filestore/fb
[10769 - Suricata-Main] 2025-08-01 14:24:21 Info: output-filestore: Filestore (v2) creating directory ./filestore/fc
[10769 - Suricata-Main] 2025-08-01 14:24:21 Info: output-filestore: Filestore (v2) creating directory ./filestore/fd
[10769 - Suricata-Main] 2025-08-01 14:24:21 Info: output-filestore: Filestore (v2) creating directory ./filestore/fe
[10769 - Suricata-Main] 2025-08-01 14:24:21 Info: output-filestore: Filestore (v2) creating directory ./filestore/ff
[10769 - Suricata-Main] 2025-08-01 14:24:21 Info: output-filestore: Filestore (v2) creating directory ./filestore/tmp
[10769 - Suricata-Main] 2025-08-01 14:24:28 Info: detect: 1 rule files processed. 44626 rules successfully loaded, 0 rules failed, 0
[10769 - Suricata-Main] 2025-08-01 14:24:28 Info: threshold-config: Threshold config parsed: 0 rule(s) found
[10769 - Suricata-Main] 2025-08-01 14:24:28 Info: detect: 44629 signatures processed. 951 are IP-only rules, 4378 are inspecting packet payload, 39078 inspect application layer, 109 are decoder event only
[10769 - Suricata-Main] 2025-08-01 14:24:39 Info: unix-manager: unix socket '/var/run/suricata-command.socket'
[10914 - RX#01] 2025-08-01 14:24:39 Info: pcap: Starting file run for 2024-08-15-traffic-analysis-exercise.pcap
[10769 - Suricata-Main] 2025-08-01 14:24:39 Notice: threads: Threads created -> RX: 1 W: 4 FM: 1 FR: 1   Engine started.
[10914 - RX#01] 2025-08-01 14:24:39 Info: checksum: No packets with invalid checksum, assuming checksum offloading is NOT used
[10914 - RX#01] 2025-08-01 14:24:39 Info: pcap: pcap file 2024-08-15-traffic-analysis-exercise.pcap end of file reached (pcap err code 0)
[10769 - Suricata-Main] 2025-08-01 14:24:39 Notice: suricata: Signal Received.  Stopping engine.
[10769 - Suricata-Main] 2025-08-01 14:24:39 Info: suricata: time elapsed 0.111s
[10914 - RX#01] 2025-08-01 14:24:39 Notice: pcap: read 1 file, 18189 packets, 11674125 bytes
[10769 - Suricata-Main] 2025-08-01 14:24:39 Info: counters: Alerts: 314
